Log file open, 01/14/23 09:50:47
LogWindows: Failed to load 'aqProf.dll' (GetLastError=126)
LogWindows: File 'aqProf.dll' does not exist
LogWindows: Failed to load 'VtuneApi.dll' (GetLastError=126)
LogWindows: File 'VtuneApi.dll' does not exist
LogWindows: Failed to load 'VtuneApi32e.dll' (GetLastError=126)
LogWindows: File 'VtuneApi32e.dll' does not exist
LogConsoleResponse: Display: Failed to find resolution value strings in scalability ini. Falling back to default.
LogConsoleResponse: Display: Failed to find resolution value strings in scalability ini. Falling back to default.
LogInit: Display: Running engine for game: SpoiledCupCake
LogPlatformFile: Not using cached read wrapper
LogTaskGraph: Started task graph with 5 named threads and 47 total threads with 3 sets of task threads.
LogStats: Stats thread started at 0.233085
LogICUInternationalization: ICU TimeZone Detection - Raw Offset: +1:00, Platform Override: ''
LogInit: Display: Loading text-based GConfig....
LogPluginManager: Mounting plugin MeshPainting
LogPluginManager: Mounting plugin XGEController
LogPluginManager: Mounting plugin Paper2D
LogPluginManager: Mounting plugin LiveLink
LogPluginManager: Mounting plugin AISupport
LogPluginManager: Mounting plugin LightPropagationVolume
LogPluginManager: Mounting plugin GameplayCameras
LogPluginManager: Mounting plugin CameraShakePreviewer
LogPluginManager: Mounting plugin CLionSourceCodeAccess
LogPluginManager: Mounting plugin AnimationSharing
LogPluginManager: Mounting plugin GitSourceControl
LogPluginManager: Mounting plugin KDevelopSourceCodeAccess
LogPluginManager: Mounting plugin NullSourceCodeAccess
LogPluginManager: Mounting plugin CodeLiteSourceCodeAccess
LogPluginManager: Mounting plugin PixWinPlugin
LogPluginManager: Mounting plugin PlasticSourceControl
LogPluginManager: Mounting plugin PluginUtils
LogPluginManager: Mounting plugin PropertyAccessNode
LogPluginManager: Mounting plugin PerforceSourceControl
LogPluginManager: Mounting plugin SubversionSourceControl
LogPluginManager: Mounting plugin RiderSourceCodeAccess
LogPluginManager: Mounting plugin TextureFormatOodle
LogPluginManager: Mounting plugin UObjectPlugin
LogPluginManager: Mounting plugin VisualStudioSourceCodeAccess
LogPluginManager: Mounting plugin AssetManagerEditor
LogPluginManager: Mounting plugin VisualStudioCodeSourceCodeAccess
LogPluginManager: Mounting plugin XCodeSourceCodeAccess
LogPluginManager: Mounting plugin CurveEditorTools
LogPluginManager: Mounting plugin CryptoKeys
LogPluginManager: Mounting plugin DataValidation
LogPluginManager: Mounting plugin GameplayTagsEditor
LogPluginManager: Mounting plugin GeometryMode
LogPluginManager: Mounting plugin FacialAnimation
LogPluginManager: Mounting plugin MaterialAnalyzer
LogPluginManager: Mounting plugin MacGraphicsSwitching
LogPluginManager: Mounting plugin MobileLauncherProfileWizard
LogPluginManager: Mounting plugin PluginBrowser
LogPluginManager: Mounting plugin SpeedTreeImporter
LogPluginManager: Mounting plugin OodleData
LogPluginManager: Mounting plugin OodleNetwork
LogPluginManager: Mounting plugin DatasmithContent
LogPluginManager: Mounting plugin VariantManagerContent
LogPluginManager: Mounting plugin Niagara
LogPluginManager: Mounting plugin LuminPlatformFeatures
LogPluginManager: Mounting plugin MagicLeap
LogPluginManager: Mounting plugin MagicLeapLightEstimation
LogPluginManager: Mounting plugin MagicLeapMedia
LogPluginManager: Mounting plugin MagicLeapPassableWorld
LogPluginManager: Mounting plugin AndroidMedia
LogPluginManager: Mounting plugin AvfMedia
LogPluginManager: Mounting plugin ImgMedia
LogPluginManager: Mounting plugin MediaCompositing
LogPluginManager: Mounting plugin MediaPlayerEditor
LogPluginManager: Mounting plugin WebMMedia
LogPluginManager: Mounting plugin MLSDK
LogPluginManager: Mounting plugin WmfMedia
LogPluginManager: Mounting plugin TcpMessaging
LogPluginManager: Mounting plugin ActorSequence
LogPluginManager: Mounting plugin UdpMessaging
LogPluginManager: Mounting plugin MatineeToLevelSequence
LogPluginManager: Mounting plugin LevelSequenceEditor
LogPluginManager: Mounting plugin TemplateSequence
LogPluginManager: Mounting plugin OnlineSubsystem
LogPluginManager: Mounting plugin OnlineSubsystemNull
LogPluginManager: Mounting plugin OnlineSubsystemUtils
LogPluginManager: Mounting plugin LauncherChunkInstaller
LogPluginManager: Mounting plugin ActorLayerUtilities
LogPluginManager: Mounting plugin AndroidMoviePlayer
LogPluginManager: Mounting plugin AndroidPermission
LogPluginManager: Mounting plugin AndroidDeviceProfileSelector
LogPluginManager: Mounting plugin AppleImageUtils
LogPluginManager: Mounting plugin ArchVisCharacter
LogPluginManager: Mounting plugin AppleMoviePlayer
LogPluginManager: Mounting plugin AssetTags
LogPluginManager: Mounting plugin AudioCapture
LogPluginManager: Mounting plugin AudioSynesthesia
LogPluginManager: Mounting plugin CableComponent
LogPluginManager: Mounting plugin ChunkDownloader
LogPluginManager: Mounting plugin CustomMeshComponent
LogPluginManager: Mounting plugin EditableMesh
LogPluginManager: Mounting plugin ExampleDeviceProfileSelector
LogPluginManager: Mounting plugin GoogleCloudMessaging
LogPluginManager: Mounting plugin GooglePAD
LogPluginManager: Mounting plugin IOSDeviceProfileSelector
LogPluginManager: Mounting plugin LinuxDeviceProfileSelector
LogPluginManager: Mounting plugin LocationServicesBPLibrary
LogPluginManager: Mounting plugin MobilePatchingUtils
LogPluginManager: Mounting plugin OpenXR
LogPluginManager: Mounting plugin OpenXREyeTracker
LogPluginManager: Mounting plugin OpenXRHandTracking
LogPluginManager: Mounting plugin PhysXVehicles
LogPluginManager: Mounting plugin ScreenshotTools
LogPluginManager: Mounting plugin ProceduralMeshComponent
LogPluginManager: Mounting plugin PostSplashScreen
LogPluginManager: Mounting plugin PropertyAccessEditor
LogPluginManager: Mounting plugin RuntimePhysXCooking
LogPluginManager: Mounting plugin SignificanceManager
LogPluginManager: Mounting plugin SoundFields
LogPluginManager: Mounting plugin Synthesis
LogPluginManager: Mounting plugin WebMMoviePlayer
LogPluginManager: Mounting plugin WindowsMoviePlayer
LogPluginManager: Mounting plugin Takes
LogPluginManager: Mounting plugin AutomationUtils
LogPluginManager: Mounting plugin AlembicImporter
LogPluginManager: Mounting plugin BackChannel
LogPluginManager: Mounting plugin ChaosCloth
LogPluginManager: Mounting plugin ChaosEditor
LogPluginManager: Mounting plugin ChaosClothEditor
LogPluginManager: Mounting plugin ChaosNiagara
LogPluginManager: Mounting plugin ChaosSolverPlugin
LogPluginManager: Mounting plugin CharacterAI
LogPluginManager: Mounting plugin GeometryCache
LogPluginManager: Mounting plugin GeometryCollectionPlugin
LogPluginManager: Mounting plugin GeometryProcessing
LogPluginManager: Mounting plugin OpenImageDenoise
LogPluginManager: Mounting plugin MotoSynth
LogPluginManager: Mounting plugin PlanarCut
LogPluginManager: Mounting plugin ProxyLODPlugin
LogPluginManager: Mounting plugin PlatformCrypto
LogPluginManager: Mounting plugin PythonScriptPlugin
LogPluginManager: Mounting plugin SkeletalReduction
LogPluginManager: Mounting plugin EnvironmentQueryEditor
LogPluginManager: Mounting plugin ContentBrowserAssetDataSource
LogPluginManager: Mounting plugin ContentBrowserClassDataSource
LogPluginManager: Mounting plugin ContentBrowserFileDataSource
LogPluginManager: Mounting plugin OnlineSubsystemGooglePlay
LogPluginManager: Mounting plugin OnlineSubsystemIOS
LogPluginManager: Mounting plugin OculusVR
LogPluginManager: Mounting plugin SteamVR
PixWinPlugin: PIX capture plugin failed to initialize! Check that the process is launched from PIX.
LogInit: Using libcurl 7.55.1-DEV
LogInit:  - built for x86_64-pc-win32
LogInit:  - supports SSL with OpenSSL/1.1.1
LogInit:  - supports HTTP deflate (compression) using libz 1.2.8
LogInit:  - other features:
LogInit:      CURL_VERSION_SSL
LogInit:      CURL_VERSION_LIBZ
LogInit:      CURL_VERSION_IPV6
LogInit:      CURL_VERSION_ASYNCHDNS
LogInit:      CURL_VERSION_LARGEFILE
LogInit:      CURL_VERSION_IDN
LogInit:  CurlRequestOptions (configurable via config and command line):
LogInit:  - bVerifyPeer = true  - Libcurl will verify peer certificate
LogInit:  - bUseHttpProxy = false  - Libcurl will NOT use HTTP proxy
LogInit:  - bDontReuseConnections = false  - Libcurl will reuse connections
LogInit:  - MaxHostConnections = 16  - Libcurl will limit the number of connections to a host
LogInit:  - LocalHostAddr = Default
LogInit:  - BufferSize = 65536
LogOnline: OSS: Creating online subsystem instance for: NULL
LogInit: WinSock: version 1.1 (2.2), MaxSocks=32767, MaxUdp=65467
LogOnline: OSS: TryLoadSubsystemAndSetDefault: Loaded subsystem for module [NULL]
LogOculusPluginWrapper: OculusPlugin initialized successfully
LogHMD: Failed initializing OVRPlugin 1.59.0
LogInit: Build: ++UE4+Release-4.27-CL-18319896
LogInit: Engine Version: 4.27.2-18319896+++UE4+Release-4.27
LogInit: Compatible Engine Version: 4.27.0-17155196+++UE4+Release-4.27
LogInit: Net CL: 17155196
LogInit: OS: Windows 10 (Release 2009) (), CPU: AMD Ryzen 9 5900HX with Radeon Graphics        , GPU: AMD Radeon(TM) Graphics
LogInit: Compiled (64-bit): Nov 30 2021 07:12:08
LogInit: Compiled with Visual C++: 19.24.28315.00
LogInit: Build Configuration: Development
LogInit: Branch Name: ++UE4+Release-4.27
LogInit: Command Line:  -EpicPortal -epicusername=Mayilvhnm -epicuserid=93355899c884420a84e1440a1203e508 -epiclocale=en -epicsandboxid=ue
LogInit: Base Directory: E:/Games/UE_4.27/Engine/Binaries/Win64/
LogInit: Allocator: TBB
LogInit: Installed Engine Build: 1
LogDevObjectVersion: Number of dev versions registered: 29
LogDevObjectVersion:   Dev-Blueprints (B0D832E4-1F89-4F0D-ACCF-7EB736FD4AA2): 10
LogDevObjectVersion:   Dev-Build (E1C64328-A22C-4D53-A36C-8E866417BD8C): 0
LogDevObjectVersion:   Dev-Core (375EC13C-06E4-48FB-B500-84F0262A717E): 4
LogDevObjectVersion:   Dev-Editor (E4B068ED-F494-42E9-A231-DA0B2E46BB41): 40
LogDevObjectVersion:   Dev-Framework (CFFC743F-43B0-4480-9391-14DF171D2073): 37
LogDevObjectVersion:   Dev-Mobile (B02B49B5-BB20-44E9-A304-32B752E40360): 3
LogDevObjectVersion:   Dev-Networking (A4E4105C-59A1-49B5-A7C5-40C4547EDFEE): 0
LogDevObjectVersion:   Dev-Online (39C831C9-5AE6-47DC-9A44-9C173E1C8E7C): 0
LogDevObjectVersion:   Dev-Physics (78F01B33-EBEA-4F98-B9B4-84EACCB95AA2): 14
LogDevObjectVersion:   Dev-Platform (6631380F-2D4D-43E0-8009-CF276956A95A): 0
LogDevObjectVersion:   Dev-Rendering (12F88B9F-8875-4AFC-A67C-D90C383ABD29): 45
LogDevObjectVersion:   Dev-Sequencer (7B5AE74C-D270-4C10-A958-57980B212A5A): 13
LogDevObjectVersion:   Dev-VR (D7296918-1DD6-4BDD-9DE2-64A83CC13884): 3
LogDevObjectVersion:   Dev-LoadTimes (C2A15278-BFE7-4AFE-6C17-90FF531DF755): 1
LogDevObjectVersion:   Private-Geometry (6EACA3D4-40EC-4CC1-B786-8BED09428FC5): 3
LogDevObjectVersion:   Dev-AnimPhys (29E575DD-E0A3-4627-9D10-D276232CDCEA): 17
LogDevObjectVersion:   Dev-Anim (AF43A65D-7FD3-4947-9873-3E8ED9C1BB05): 15
LogDevObjectVersion:   Dev-ReflectionCapture (6B266CEC-1EC7-4B8F-A30B-E4D90942FC07): 1
LogDevObjectVersion:   Dev-Automation (0DF73D61-A23F-47EA-B727-89E90C41499A): 1
LogDevObjectVersion:   FortniteMain (601D1886-AC64-4F84-AA16-D3DE0DEAC7D6): 47
LogDevObjectVersion:   FortniteRelease (E7086368-6B23-4C58-8439-1B7016265E91): 1
LogDevObjectVersion:   Dev-Enterprise (9DFFBCD6-494F-0158-E221-12823C92A888): 10
LogDevObjectVersion:   Dev-Niagara (F2AED0AC-9AFE-416F-8664-AA7FFA26D6FC): 1
LogDevObjectVersion:   Dev-Destruction (174F1F0B-B4C6-45A5-B13F-2EE8D0FB917D): 10
LogDevObjectVersion:   Dev-Physics-Ext (35F94A83-E258-406C-A318-09F59610247C): 41
LogDevObjectVersion:   Dev-PhysicsMaterial-Chaos (B68FC16E-8B1B-42E2-B453-215C058844FE): 1
LogDevObjectVersion:   Dev-CineCamera (B2E18506-4273-CFC2-A54E-F4BB758BBA07): 1
LogDevObjectVersion:   Dev-VirtualProduction (64F58936-FD1B-42BA-BA96-7289D5D0FA4E): 1
LogDevObjectVersion:   Dev-MediaFramework (6F0ED827-A609-4895-9C91-998D90180EA4): 2
LogInit: Presizing for max 25165824 objects, including 0 objects not considered by GC, pre-allocating 0 bytes for permanent pool.
LogConfig: Applying CVar settings from Section [/Script/Engine.StreamingSettings] File [D:/GitProjects/-Spoiled-CupCake/SpoiledCupCake/Saved/Config/Windows/Engine.ini]
LogConfig: Setting CVar [[s.MinBulkDataSizeForAsyncLoading:131072]]
LogConfig: Setting CVar [[s.AsyncLoadingThreadEnabled:0]]
LogConfig: Setting CVar [[s.EventDrivenLoaderEnabled:1]]
LogConfig: Setting CVar [[s.WarnIfTimeLimitExceeded:0]]
LogConfig: Setting CVar [[s.TimeLimitExceededMultiplier:1.5]]
LogConfig: Setting CVar [[s.TimeLimitExceededMinTime:0.005]]
LogConfig: Setting CVar [[s.UseBackgroundLevelStreaming:1]]
LogConfig: Setting CVar [[s.PriorityAsyncLoadingExtraTime:15.0]]
LogConfig: Setting CVar [[s.LevelStreamingActorsUpdateTimeLimit:5.0]]
LogConfig: Setting CVar [[s.PriorityLevelStreamingActorsUpdateExtraTime:5.0]]
LogConfig: Setting CVar [[s.LevelStreamingComponentsRegistrationGranularity:10]]
LogConfig: Setting CVar [[s.UnregisterComponentsTimeLimit:1.0]]
LogConfig: Setting CVar [[s.LevelStreamingComponentsUnregistrationGranularity:5]]
LogConfig: Setting CVar [[s.FlushStreamingOnExit:1]]
LogInit: Object subsystem initialized
LogConfig: Setting CVar [[con.DebugEarlyDefault:1]]
LogConfig: Setting CVar [[r.setres:1280x720]]
[2023.01.14-08.50.47:747][  0]LogConfig: Setting CVar [[r.VSync:0]]
[2023.01.14-08.50.47:747][  0]LogConfig: Setting CVar [[r.RHICmdBypass:0]]
[2023.01.14-08.50.47:747][  0]LogConfig: Applying CVar settings from Section [/Script/Engine.RendererSettings] File [D:/GitProjects/-Spoiled-CupCake/SpoiledCupCake/Saved/Config/Windows/Engine.ini]
[2023.01.14-08.50.47:747][  0]LogConfig: Setting CVar [[r.GPUCrashDebugging:0]]
[2023.01.14-08.50.47:747][  0]LogConfig: Applying CVar settings from Section [/Script/Engine.RendererOverrideSettings] File [D:/GitProjects/-Spoiled-CupCake/SpoiledCupCake/Saved/Config/Windows/Engine.ini]
[2023.01.14-08.50.47:747][  0]LogConfig: Applying CVar settings from Section [/Script/Engine.StreamingSettings] File [D:/GitProjects/-Spoiled-CupCake/SpoiledCupCake/Saved/Config/Windows/Engine.ini]
[2023.01.14-08.50.47:747][  0]LogConfig: Setting CVar [[s.MinBulkDataSizeForAsyncLoading:131072]]
[2023.01.14-08.50.47:747][  0]LogConfig: Setting CVar [[s.AsyncLoadingThreadEnabled:0]]
[2023.01.14-08.50.47:747][  0]LogConfig: Setting CVar [[s.EventDrivenLoaderEnabled:1]]
[2023.01.14-08.50.47:747][  0]LogConfig: Setting CVar [[s.WarnIfTimeLimitExceeded:0]]
[2023.01.14-08.50.47:747][  0]LogConfig: Setting CVar [[s.TimeLimitExceededMultiplier:1.5]]
[2023.01.14-08.50.47:747][  0]LogConfig: Setting CVar [[s.TimeLimitExceededMinTime:0.005]]
[2023.01.14-08.50.47:747][  0]LogConfig: Setting CVar [[s.UseBackgroundLevelStreaming:1]]
[2023.01.14-08.50.47:747][  0]LogConfig: Setting CVar [[s.PriorityAsyncLoadingExtraTime:15.0]]
[2023.01.14-08.50.47:747][  0]LogConfig: Setting CVar [[s.LevelStreamingActorsUpdateTimeLimit:5.0]]
[2023.01.14-08.50.47:747][  0]LogConfig: Setting CVar [[s.PriorityLevelStreamingActorsUpdateExtraTime:5.0]]
[2023.01.14-08.50.47:747][  0]LogConfig: Setting CVar [[s.LevelStreamingComponentsRegistrationGranularity:10]]
[2023.01.14-08.50.47:747][  0]LogConfig: Setting CVar [[s.UnregisterComponentsTimeLimit:1.0]]
[2023.01.14-08.50.47:747][  0]LogConfig: Setting CVar [[s.LevelStreamingComponentsUnregistrationGranularity:5]]
[2023.01.14-08.50.47:747][  0]LogConfig: Setting CVar [[s.FlushStreamingOnExit:1]]
[2023.01.14-08.50.47:747][  0]LogConfig: Applying CVar settings from Section [/Script/Engine.GarbageCollectionSettings] File [D:/GitProjects/-Spoiled-CupCake/SpoiledCupCake/Saved/Config/Windows/Engine.ini]
[2023.01.14-08.50.47:747][  0]LogConfig: Setting CVar [[gc.MaxObjectsNotConsideredByGC:1]]
[2023.01.14-08.50.47:747][  0]LogConfig: Setting CVar [[gc.SizeOfPermanentObjectPool:0]]
[2023.01.14-08.50.47:747][  0]LogConfig: Setting CVar [[gc.FlushStreamingOnGC:0]]
[2023.01.14-08.50.47:747][  0]LogConfig: Setting CVar [[gc.NumRetriesBeforeForcingGC:10]]
[2023.01.14-08.50.47:747][  0]LogConfig: Setting CVar [[gc.AllowParallelGC:1]]
[2023.01.14-08.50.47:747][  0]LogConfig: Setting CVar [[gc.TimeBetweenPurgingPendingKillObjects:61.1]]
[2023.01.14-08.50.47:747][  0]LogConfig: Setting CVar [[gc.MaxObjectsInEditor:25165824]]
[2023.01.14-08.50.47:747][  0]LogConfig: Setting CVar [[gc.IncrementalBeginDestroyEnabled:1]]
[2023.01.14-08.50.47:747][  0]LogConfig: Setting CVar [[gc.CreateGCClusters:1]]
[2023.01.14-08.50.47:747][  0]LogConfig: Setting CVar [[gc.MinGCClusterSize:5]]
[2023.01.14-08.50.47:747][  0]LogConfig: Setting CVar [[gc.ActorClusteringEnabled:0]]
[2023.01.14-08.50.47:747][  0]LogConfig: Setting CVar [[gc.BlueprintClusteringEnabled:0]]
[2023.01.14-08.50.47:747][  0]LogConfig: Setting CVar [[gc.UseDisregardForGCOnDedicatedServers:0]]
[2023.01.14-08.50.47:747][  0]LogConfig: Setting CVar [[gc.MultithreadedDestructionEnabled:1]]
[2023.01.14-08.50.47:747][  0]LogConfig: Applying CVar settings from Section [/Script/Engine.NetworkSettings] File [D:/GitProjects/-Spoiled-CupCake/SpoiledCupCake/Saved/Config/Windows/Engine.ini]
[2023.01.14-08.50.47:747][  0]LogConfig: Applying CVar settings from Section [/Script/UnrealEd.CookerSettings] File [D:/GitProjects/-Spoiled-CupCake/SpoiledCupCake/Saved/Config/Windows/Engine.ini]
[2023.01.14-08.50.47:754][  0]LogConfig: Applying CVar settings from Section [ViewDistanceQuality@3] File [D:/GitProjects/-Spoiled-CupCake/SpoiledCupCake/Saved/Config/Windows/Scalability.ini]
[2023.01.14-08.50.47:754][  0]LogConfig: Setting CVar [[r.SkeletalMeshLODBias:0]]
[2023.01.14-08.50.47:754][  0]LogConfig: Setting CVar [[r.ViewDistanceScale:1.0]]
[2023.01.14-08.50.47:754][  0]LogConfig: Applying CVar settings from Section [AntiAliasingQuality@3] File [D:/GitProjects/-Spoiled-CupCake/SpoiledCupCake/Saved/Config/Windows/Scalability.ini]
[2023.01.14-08.50.47:754][  0]LogConfig: Setting CVar [[r.PostProcessAAQuality:4]]
[2023.01.14-08.50.47:754][  0]LogConfig: Applying CVar settings from Section [ShadowQuality@3] File [D:/GitProjects/-Spoiled-CupCake/SpoiledCupCake/Saved/Config/Windows/Scalability.ini]
[2023.01.14-08.50.47:754][  0]LogConfig: Setting CVar [[r.LightFunctionQuality:1]]
[2023.01.14-08.50.47:754][  0]LogConfig: Setting CVar [[r.ShadowQuality:5]]
[2023.01.14-08.50.47:754][  0]LogConfig: Setting CVar [[r.Shadow.CSM.MaxCascades:10]]
[2023.01.14-08.50.47:754][  0]LogConfig: Setting CVar [[r.Shadow.MaxResolution:2048]]
[2023.01.14-08.50.47:754][  0]LogConfig: Setting CVar [[r.Shadow.MaxCSMResolution:2048]]
[2023.01.14-08.50.47:754][  0]LogConfig: Setting CVar [[r.Shadow.RadiusThreshold:0.01]]
[2023.01.14-08.50.47:754][  0]LogConfig: Setting CVar [[r.Shadow.DistanceScale:1.0]]
[2023.01.14-08.50.47:754][  0]LogConfig: Setting CVar [[r.Shadow.CSM.TransitionScale:1.0]]
[2023.01.14-08.50.47:754][  0]LogConfig: Setting CVar [[r.Shadow.PreShadowResolutionFactor:1.0]]
[2023.01.14-08.50.47:754][  0]LogConfig: Setting CVar [[r.DistanceFieldShadowing:1]]
[2023.01.14-08.50.47:754][  0]LogConfig: Setting CVar [[r.DistanceFieldAO:1]]
[2023.01.14-08.50.47:754][  0]LogConfig: Setting CVar [[r.AOQuality:2]]
[2023.01.14-08.50.47:754][  0]LogConfig: Setting CVar [[r.VolumetricFog:1]]
[2023.01.14-08.50.47:754][  0]LogConfig: Setting CVar [[r.VolumetricFog.GridPixelSize:8]]
[2023.01.14-08.50.47:754][  0]LogConfig: Setting CVar [[r.VolumetricFog.GridSizeZ:128]]
[2023.01.14-08.50.47:754][  0]LogConfig: Setting CVar [[r.VolumetricFog.HistoryMissSupersampleCount:4]]
[2023.01.14-08.50.47:754][  0]LogConfig: Setting CVar [[r.LightMaxDrawDistanceScale:1]]
[2023.01.14-08.50.47:754][  0]LogConfig: Setting CVar [[r.CapsuleShadows:1]]
[2023.01.14-08.50.47:754][  0]LogConfig: Applying CVar settings from Section [PostProcessQuality@3] File [D:/GitProjects/-Spoiled-CupCake/SpoiledCupCake/Saved/Config/Windows/Scalability.ini]
[2023.01.14-08.50.47:754][  0]LogConfig: Setting CVar [[r.MotionBlurQuality:4]]
[2023.01.14-08.50.47:754][  0]LogConfig: Setting CVar [[r.AmbientOcclusionMipLevelFactor:0.4]]
[2023.01.14-08.50.47:754][  0]LogConfig: Setting CVar [[r.AmbientOcclusionMaxQuality:100]]
[2023.01.14-08.50.47:754][  0]LogConfig: Setting CVar [[r.AmbientOcclusionLevels:-1]]
[2023.01.14-08.50.47:754][  0]LogConfig: Setting CVar [[r.AmbientOcclusionRadiusScale:1.0]]
[2023.01.14-08.50.47:754][  0]LogConfig: Setting CVar [[r.DepthOfFieldQuality:2]]
[2023.01.14-08.50.47:754][  0]LogConfig: Setting CVar [[r.RenderTargetPoolMin:400]]
[2023.01.14-08.50.47:754][  0]LogConfig: Setting CVar [[r.LensFlareQuality:2]]
[2023.01.14-08.50.47:754][  0]LogConfig: Setting CVar [[r.SceneColorFringeQuality:1]]
[2023.01.14-08.50.47:754][  0]LogConfig: Setting CVar [[r.EyeAdaptationQuality:2]]
[2023.01.14-08.50.47:754][  0]LogConfig: Setting CVar [[r.BloomQuality:5]]
[2023.01.14-08.50.47:754][  0]LogConfig: Setting CVar [[r.FastBlurThreshold:100]]
[2023.01.14-08.50.47:754][  0]LogConfig: Setting CVar [[r.Upscale.Quality:3]]
[2023.01.14-08.50.47:754][  0]LogConfig: Setting CVar [[r.Tonemapper.GrainQuantization:1]]
[2023.01.14-08.50.47:754][  0]LogConfig: Setting CVar [[r.LightShaftQuality:1]]
[2023.01.14-08.50.47:754][  0]LogConfig: Setting CVar [[r.Filter.SizeScale:1]]
[2023.01.14-08.50.47:754][  0]LogConfig: Setting CVar [[r.Tonemapper.Quality:5]]
[2023.01.14-08.50.47:754][  0]LogConfig: Setting CVar [[r.DOF.Gather.AccumulatorQuality:1        ; higher gathering accumulator quality]]
[2023.01.14-08.50.47:754][  0]LogConfig: Setting CVar [[r.DOF.Gather.PostfilterMethod:1          ; Median3x3 postfilering method]]
[2023.01.14-08.50.47:754][  0]LogConfig: Setting CVar [[r.DOF.Gather.EnableBokehSettings:0       ; no bokeh simulation when gathering]]
[2023.01.14-08.50.47:754][  0]LogConfig: Setting CVar [[r.DOF.Gather.RingCount:4                 ; medium number of samples when gathering]]
[2023.01.14-08.50.47:754][  0]LogConfig: Setting CVar [[r.DOF.Scatter.ForegroundCompositing:1    ; additive foreground scattering]]
[2023.01.14-08.50.47:754][  0]LogConfig: Setting CVar [[r.DOF.Scatter.BackgroundCompositing:2    ; additive background scattering]]
[2023.01.14-08.50.47:754][  0]LogConfig: Setting CVar [[r.DOF.Scatter.EnableBokehSettings:1      ; bokeh simulation when scattering]]
[2023.01.14-08.50.47:754][  0]LogConfig: Setting CVar [[r.DOF.Scatter.MaxSpriteRatio:0.1         ; only a maximum of 10% of scattered bokeh]]
[2023.01.14-08.50.47:754][  0]LogConfig: Setting CVar [[r.DOF.Recombine.Quality:1                ; cheap slight out of focus]]
[2023.01.14-08.50.47:754][  0]LogConfig: Setting CVar [[r.DOF.Recombine.EnableBokehSettings:0    ; no bokeh simulation on slight out of focus]]
[2023.01.14-08.50.47:754][  0]LogConfig: Setting CVar [[r.DOF.TemporalAAQuality:1                ; more stable temporal accumulation]]
[2023.01.14-08.50.47:754][  0]LogConfig: Setting CVar [[r.DOF.Kernel.MaxForegroundRadius:0.025]]
[2023.01.14-08.50.47:754][  0]LogConfig: Setting CVar [[r.DOF.Kernel.MaxBackgroundRadius:0.025]]
[2023.01.14-08.50.47:754][  0]LogConfig: Applying CVar settings from Section [TextureQuality@3] File [D:/GitProjects/-Spoiled-CupCake/SpoiledCupCake/Saved/Config/Windows/Scalability.ini]
[2023.01.14-08.50.47:754][  0]LogConfig: Setting CVar [[r.Streaming.MipBias:0]]
[2023.01.14-08.50.47:754][  0]LogConfig: Setting CVar [[r.Streaming.AmortizeCPUToGPUCopy:0]]
[2023.01.14-08.50.47:754][  0]LogConfig: Setting CVar [[r.Streaming.MaxNumTexturesToStreamPerFrame:0]]
[2023.01.14-08.50.47:754][  0]LogConfig: Setting CVar [[r.Streaming.Boost:1]]
[2023.01.14-08.50.47:754][  0]LogConfig: Setting CVar [[r.MaxAnisotropy:8]]
[2023.01.14-08.50.47:754][  0]LogConfig: Setting CVar [[r.VT.MaxAnisotropy:8]]
[2023.01.14-08.50.47:754][  0]LogConfig: Setting CVar [[r.Streaming.LimitPoolSizeToVRAM:0]]
[2023.01.14-08.50.47:754][  0]LogConfig: Setting CVar [[r.Streaming.PoolSize:1000]]
[2023.01.14-08.50.47:754][  0]LogConfig: Setting CVar [[r.Streaming.MaxEffectiveScreenSize:0]]
[2023.01.14-08.50.47:754][  0]LogConfig: Applying CVar settings from Section [EffectsQuality@3] File [D:/GitProjects/-Spoiled-CupCake/SpoiledCupCake/Saved/Config/Windows/Scalability.ini]
[2023.01.14-08.50.47:754][  0]LogConfig: Setting CVar [[r.TranslucencyLightingVolumeDim:64]]
[2023.01.14-08.50.47:754][  0]LogConfig: Setting CVar [[r.RefractionQuality:2]]
[2023.01.14-08.50.47:754][  0]LogConfig: Setting CVar [[r.SSR.Quality:3]]
[2023.01.14-08.50.47:754][  0]LogConfig: Setting CVar [[r.SSR.HalfResSceneColor:0]]
[2023.01.14-08.50.47:754][  0]LogConfig: Setting CVar [[r.SceneColorFormat:4]]
[2023.01.14-08.50.47:754][  0]LogConfig: Setting CVar [[r.DetailMode:2]]
[2023.01.14-08.50.47:754][  0]LogConfig: Setting CVar [[r.TranslucencyVolumeBlur:1]]
[2023.01.14-08.50.47:754][  0]LogConfig: Setting CVar [[r.MaterialQualityLevel:1 ; High quality]]
[2023.01.14-08.50.47:754][  0]LogConfig: Setting CVar [[r.AnisotropicMaterials:1]]
[2023.01.14-08.50.47:754][  0]LogConfig: Setting CVar [[r.SSS.Scale:1]]
[2023.01.14-08.50.47:754][  0]LogConfig: Setting CVar [[r.SSS.SampleSet:2]]
[2023.01.14-08.50.47:754][  0]LogConfig: Setting CVar [[r.SSS.Quality:1]]
[2023.01.14-08.50.47:754][  0]LogConfig: Setting CVar [[r.SSS.HalfRes:0]]
[2023.01.14-08.50.47:754][  0]LogConfig: Setting CVar [[r.SSGI.Quality:3]]
[2023.01.14-08.50.47:754][  0]LogConfig: Setting CVar [[r.EmitterSpawnRateScale:1.0]]
[2023.01.14-08.50.47:754][  0]LogConfig: Setting CVar [[r.ParticleLightQuality:2]]
[2023.01.14-08.50.47:754][  0]LogConfig: Setting CVar [[r.SkyAtmosphere.AerialPerspectiveLUT.FastApplyOnOpaque:1 ; Always have FastSkyLUT 1 in this case to avoid wrong sky]]
[2023.01.14-08.50.47:754][  0]LogConfig: Setting CVar [[r.SkyAtmosphere.AerialPerspectiveLUT.SampleCountMaxPerSlice:4]]
[2023.01.14-08.50.47:754][  0]LogConfig: Setting CVar [[r.SkyAtmosphere.AerialPerspectiveLUT.DepthResolution:16.0]]
[2023.01.14-08.50.47:754][  0]LogConfig: Setting CVar [[r.SkyAtmosphere.FastSkyLUT:1]]
[2023.01.14-08.50.47:754][  0]LogConfig: Setting CVar [[r.SkyAtmosphere.FastSkyLUT.SampleCountMin:4.0]]
[2023.01.14-08.50.47:754][  0]LogConfig: Setting CVar [[r.SkyAtmosphere.FastSkyLUT.SampleCountMax:128.0]]
[2023.01.14-08.50.47:754][  0]LogConfig: Setting CVar [[r.SkyAtmosphere.SampleCountMin:4.0]]
[2023.01.14-08.50.47:754][  0]LogConfig: Setting CVar [[r.SkyAtmosphere.SampleCountMax:128.0]]
[2023.01.14-08.50.47:754][  0]LogConfig: Setting CVar [[r.SkyAtmosphere.TransmittanceLUT.UseSmallFormat:0]]
[2023.01.14-08.50.47:754][  0]LogConfig: Setting CVar [[r.SkyAtmosphere.TransmittanceLUT.SampleCount:10.0]]
[2023.01.14-08.50.47:754][  0]LogConfig: Setting CVar [[r.SkyAtmosphere.MultiScatteringLUT.SampleCount:15.0]]
[2023.01.14-08.50.47:754][  0]LogConfig: Setting CVar [[r.SkyLight.RealTimeReflectionCapture:1]]
[2023.01.14-08.50.47:754][  0]LogConfig: Applying CVar settings from Section [FoliageQuality@3] File [D:/GitProjects/-Spoiled-CupCake/SpoiledCupCake/Saved/Config/Windows/Scalability.ini]
[2023.01.14-08.50.47:754][  0]LogConfig: Setting CVar [[foliage.DensityScale:1.0]]
[2023.01.14-08.50.47:754][  0]LogConfig: Setting CVar [[grass.DensityScale:1.0]]
[2023.01.14-08.50.47:755][  0]LogConfig: Applying CVar settings from Section [ShadingQuality@3] File [D:/GitProjects/-Spoiled-CupCake/SpoiledCupCake/Saved/Config/Windows/Scalability.ini]
[2023.01.14-08.50.47:755][  0]LogConfig: Setting CVar [[r.HairStrands.SkyLighting.IntegrationType:2]]
[2023.01.14-08.50.47:755][  0]LogConfig: Setting CVar [[r.HairStrands.SkyAO.SampleCount:4]]
[2023.01.14-08.50.47:755][  0]LogConfig: Setting CVar [[r.HairStrands.Visibility.MSAA.SamplePerPixel:4]]
[2023.01.14-08.50.47:755][  0]LogInit: Selected Device Profile: [Windows]
[2023.01.14-08.50.47:755][  0]LogInit: Applying CVar settings loaded from the selected device profile: [Windows]
[2023.01.14-08.50.47:755][  0]LogHAL: Display: Platform has ~ 16 GB [16539463680 / 17179869184 / 16], which maps to Larger [LargestMinGB=32, LargerMinGB=12, DefaultMinGB=8, SmallerMinGB=6, SmallestMinGB=0)
[2023.01.14-08.50.47:755][  0]LogInit: Going up to parent DeviceProfile []
[2023.01.14-08.50.47:755][  0]LogConfig: Applying CVar settings from Section [ViewDistanceQuality@3] File [D:/GitProjects/-Spoiled-CupCake/SpoiledCupCake/Saved/Config/Windows/Scalability.ini]
[2023.01.14-08.50.47:755][  0]LogConfig: Setting CVar [[r.SkeletalMeshLODBias:0]]
[2023.01.14-08.50.47:755][  0]LogConfig: Setting CVar [[r.ViewDistanceScale:1.0]]
[2023.01.14-08.50.47:755][  0]LogConfig: Applying CVar settings from Section [AntiAliasingQuality@3] File [D:/GitProjects/-Spoiled-CupCake/SpoiledCupCake/Saved/Config/Windows/Scalability.ini]
[2023.01.14-08.50.47:755][  0]LogConfig: Setting CVar [[r.PostProcessAAQuality:4]]
[2023.01.14-08.50.47:755][  0]LogConfig: Applying CVar settings from Section [ShadowQuality@3] File [D:/GitProjects/-Spoiled-CupCake/SpoiledCupCake/Saved/Config/Windows/Scalability.ini]
[2023.01.14-08.50.47:755][  0]LogConfig: Setting CVar [[r.LightFunctionQuality:1]]
[2023.01.14-08.50.47:755][  0]LogConfig: Setting CVar [[r.ShadowQuality:5]]
[2023.01.14-08.50.47:755][  0]LogConfig: Setting CVar [[r.Shadow.CSM.MaxCascades:10]]
[2023.01.14-08.50.47:755][  0]LogConfig: Setting CVar [[r.Shadow.MaxResolution:2048]]
[2023.01.14-08.50.47:755][  0]LogConfig: Setting CVar [[r.Shadow.MaxCSMResolution:2048]]
[2023.01.14-08.50.47:755][  0]LogConfig: Setting CVar [[r.Shadow.RadiusThreshold:0.01]]
[2023.01.14-08.50.47:755][  0]LogConfig: Setting CVar [[r.Shadow.DistanceScale:1.0]]
[2023.01.14-08.50.47:755][  0]LogConfig: Setting CVar [[r.Shadow.CSM.TransitionScale:1.0]]
[2023.01.14-08.50.47:755][  0]LogConfig: Setting CVar [[r.Shadow.PreShadowResolutionFactor:1.0]]
[2023.01.14-08.50.47:755][  0]LogConfig: Setting CVar [[r.DistanceFieldShadowing:1]]
[2023.01.14-08.50.47:755][  0]LogConfig: Setting CVar [[r.DistanceFieldAO:1]]
[2023.01.14-08.50.47:755][  0]LogConfig: Setting CVar [[r.AOQuality:2]]
[2023.01.14-08.50.47:755][  0]LogConfig: Setting CVar [[r.VolumetricFog:1]]
[2023.01.14-08.50.47:755][  0]LogConfig: Setting CVar [[r.VolumetricFog.GridPixelSize:8]]
[2023.01.14-08.50.47:755][  0]LogConfig: Setting CVar [[r.VolumetricFog.GridSizeZ:128]]
[2023.01.14-08.50.47:755][  0]LogConfig: Setting CVar [[r.VolumetricFog.HistoryMissSupersampleCount:4]]
[2023.01.14-08.50.47:755][  0]LogConfig: Setting CVar [[r.LightMaxDrawDistanceScale:1]]
[2023.01.14-08.50.47:755][  0]LogConfig: Setting CVar [[r.CapsuleShadows:1]]
[2023.01.14-08.50.47:755][  0]LogConfig: Applying CVar settings from Section [PostProcessQuality@3] File [D:/GitProjects/-Spoiled-CupCake/SpoiledCupCake/Saved/Config/Windows/Scalability.ini]
[2023.01.14-08.50.47:755][  0]LogConfig: Setting CVar [[r.MotionBlurQuality:4]]
[2023.01.14-08.50.47:755][  0]LogConfig: Setting CVar [[r.AmbientOcclusionMipLevelFactor:0.4]]
[2023.01.14-08.50.47:755][  0]LogConfig: Setting CVar [[r.AmbientOcclusionMaxQuality:100]]
[2023.01.14-08.50.47:755][  0]LogConfig: Setting CVar [[r.AmbientOcclusionLevels:-1]]
[2023.01.14-08.50.47:755][  0]LogConfig: Setting CVar [[r.AmbientOcclusionRadiusScale:1.0]]
[2023.01.14-08.50.47:755][  0]LogConfig: Setting CVar [[r.DepthOfFieldQuality:2]]
[2023.01.14-08.50.47:755][  0]LogConfig: Setting CVar [[r.RenderTargetPoolMin:400]]
[2023.01.14-08.50.47:755][  0]LogConfig: Setting CVar [[r.LensFlareQuality:2]]
[2023.01.14-08.50.47:755][  0]LogConfig: Setting CVar [[r.SceneColorFringeQuality:1]]
[2023.01.14-08.50.47:755][  0]LogConfig: Setting CVar [[r.EyeAdaptationQuality:2]]
[2023.01.14-08.50.47:755][  0]LogConfig: Setting CVar [[r.BloomQuality:5]]
[2023.01.14-08.50.47:755][  0]LogConfig: Setting CVar [[r.FastBlurThreshold:100]]
[2023.01.14-08.50.47:755][  0]LogConfig: Setting CVar [[r.Upscale.Quality:3]]
[2023.01.14-08.50.47:755][  0]LogConfig: Setting CVar [[r.Tonemapper.GrainQuantization:1]]
[2023.01.14-08.50.47:755][  0]LogConfig: Setting CVar [[r.LightShaftQuality:1]]
[2023.01.14-08.50.47:755][  0]LogConfig: Setting CVar [[r.Filter.SizeScale:1]]
[2023.01.14-08.50.47:755][  0]LogConfig: Setting CVar [[r.Tonemapper.Quality:5]]
[2023.01.14-08.50.47:755][  0]LogConfig: Setting CVar [[r.DOF.Gather.AccumulatorQuality:1        ; higher gathering accumulator quality]]
[2023.01.14-08.50.47:755][  0]LogConfig: Setting CVar [[r.DOF.Gather.PostfilterMethod:1          ; Median3x3 postfilering method]]
[2023.01.14-08.50.47:755][  0]LogConfig: Setting CVar [[r.DOF.Gather.EnableBokehSettings:0       ; no bokeh simulation when gathering]]
[2023.01.14-08.50.47:755][  0]LogConfig: Setting CVar [[r.DOF.Gather.RingCount:4                 ; medium number of samples when gathering]]
[2023.01.14-08.50.47:755][  0]LogConfig: Setting CVar [[r.DOF.Scatter.ForegroundCompositing:1    ; additive foreground scattering]]
[2023.01.14-08.50.47:755][  0]LogConfig: Setting CVar [[r.DOF.Scatter.BackgroundCompositing:2    ; additive background scattering]]
[2023.01.14-08.50.47:755][  0]LogConfig: Setting CVar [[r.DOF.Scatter.EnableBokehSettings:1      ; bokeh simulation when scattering]]
[2023.01.14-08.50.47:755][  0]LogConfig: Setting CVar [[r.DOF.Scatter.MaxSpriteRatio:0.1         ; only a maximum of 10% of scattered bokeh]]
[2023.01.14-08.50.47:755][  0]LogConfig: Setting CVar [[r.DOF.Recombine.Quality:1                ; cheap slight out of focus]]
[2023.01.14-08.50.47:755][  0]LogConfig: Setting CVar [[r.DOF.Recombine.EnableBokehSettings:0    ; no bokeh simulation on slight out of focus]]
[2023.01.14-08.50.47:755][  0]LogConfig: Setting CVar [[r.DOF.TemporalAAQuality:1                ; more stable temporal accumulation]]
[2023.01.14-08.50.47:755][  0]LogConfig: Setting CVar [[r.DOF.Kernel.MaxForegroundRadius:0.025]]
[2023.01.14-08.50.47:755][  0]LogConfig: Setting CVar [[r.DOF.Kernel.MaxBackgroundRadius:0.025]]
[2023.01.14-08.50.47:755][  0]LogConfig: Applying CVar settings from Section [TextureQuality@3] File [D:/GitProjects/-Spoiled-CupCake/SpoiledCupCake/Saved/Config/Windows/Scalability.ini]
[2023.01.14-08.50.47:755][  0]LogConfig: Setting CVar [[r.Streaming.MipBias:0]]
[2023.01.14-08.50.47:755][  0]LogConfig: Setting CVar [[r.Streaming.AmortizeCPUToGPUCopy:0]]
[2023.01.14-08.50.47:755][  0]LogConfig: Setting CVar [[r.Streaming.MaxNumTexturesToStreamPerFrame:0]]
[2023.01.14-08.50.47:755][  0]LogConfig: Setting CVar [[r.Streaming.Boost:1]]
[2023.01.14-08.50.47:755][  0]LogConfig: Setting CVar [[r.MaxAnisotropy:8]]
[2023.01.14-08.50.47:755][  0]LogConfig: Setting CVar [[r.VT.MaxAnisotropy:8]]
[2023.01.14-08.50.47:755][  0]LogConfig: Setting CVar [[r.Streaming.LimitPoolSizeToVRAM:0]]
[2023.01.14-08.50.47:755][  0]LogConfig: Setting CVar [[r.Streaming.PoolSize:1000]]
[2023.01.14-08.50.47:755][  0]LogConfig: Setting CVar [[r.Streaming.MaxEffectiveScreenSize:0]]
[2023.01.14-08.50.47:755][  0]LogConfig: Applying CVar settings from Section [EffectsQuality@3] File [D:/GitProjects/-Spoiled-CupCake/SpoiledCupCake/Saved/Config/Windows/Scalability.ini]
[2023.01.14-08.50.47:755][  0]LogConfig: Setting CVar [[r.TranslucencyLightingVolumeDim:64]]
[2023.01.14-08.50.47:755][  0]LogConfig: Setting CVar [[r.RefractionQuality:2]]
[2023.01.14-08.50.47:755][  0]LogConfig: Setting CVar [[r.SSR.Quality:3]]
[2023.01.14-08.50.47:755][  0]LogConfig: Setting CVar [[r.SSR.HalfResSceneColor:0]]
[2023.01.14-08.50.47:755][  0]LogConfig: Setting CVar [[r.SceneColorFormat:4]]
[2023.01.14-08.50.47:755][  0]LogConfig: Setting CVar [[r.DetailMode:2]]
[2023.01.14-08.50.47:755][  0]LogConfig: Setting CVar [[r.TranslucencyVolumeBlur:1]]
[2023.01.14-08.50.47:755][  0]LogConfig: Setting CVar [[r.MaterialQualityLevel:1 ; High quality]]
[2023.01.14-08.50.47:755][  0]LogConfig: Setting CVar [[r.AnisotropicMaterials:1]]
[2023.01.14-08.50.47:755][  0]LogConfig: Setting CVar [[r.SSS.Scale:1]]
[2023.01.14-08.50.47:755][  0]LogConfig: Setting CVar [[r.SSS.SampleSet:2]]
[2023.01.14-08.50.47:755][  0]LogConfig: Setting CVar [[r.SSS.Quality:1]]
[2023.01.14-08.50.47:755][  0]LogConfig: Setting CVar [[r.SSS.HalfRes:0]]
[2023.01.14-08.50.47:755][  0]LogConfig: Setting CVar [[r.SSGI.Quality:3]]
[2023.01.14-08.50.47:755][  0]LogConfig: Setting CVar [[r.EmitterSpawnRateScale:1.0]]
[2023.01.14-08.50.47:755][  0]LogConfig: Setting CVar [[r.ParticleLightQuality:2]]
[2023.01.14-08.50.47:755][  0]LogConfig: Setting CVar [[r.SkyAtmosphere.AerialPerspectiveLUT.FastApplyOnOpaque:1 ; Always have FastSkyLUT 1 in this case to avoid wrong sky]]
[2023.01.14-08.50.47:755][  0]LogConfig: Setting CVar [[r.SkyAtmosphere.AerialPerspectiveLUT.SampleCountMaxPerSlice:4]]
[2023.01.14-08.50.47:755][  0]LogConfig: Setting CVar [[r.SkyAtmosphere.AerialPerspectiveLUT.DepthResolution:16.0]]
[2023.01.14-08.50.47:755][  0]LogConfig: Setting CVar [[r.SkyAtmosphere.FastSkyLUT:1]]
[2023.01.14-08.50.47:755][  0]LogConfig: Setting CVar [[r.SkyAtmosphere.FastSkyLUT.SampleCountMin:4.0]]
[2023.01.14-08.50.47:755][  0]LogConfig: Setting CVar [[r.SkyAtmosphere.FastSkyLUT.SampleCountMax:128.0]]
[2023.01.14-08.50.47:755][  0]LogConfig: Setting CVar [[r.SkyAtmosphere.SampleCountMin:4.0]]
[2023.01.14-08.50.47:755][  0]LogConfig: Setting CVar [[r.SkyAtmosphere.SampleCountMax:128.0]]
[2023.01.14-08.50.47:755][  0]LogConfig: Setting CVar [[r.SkyAtmosphere.TransmittanceLUT.UseSmallFormat:0]]
[2023.01.14-08.50.47:755][  0]LogConfig: Setting CVar [[r.SkyAtmosphere.TransmittanceLUT.SampleCount:10.0]]
[2023.01.14-08.50.47:755][  0]LogConfig: Setting CVar [[r.SkyAtmosphere.MultiScatteringLUT.SampleCount:15.0]]
[2023.01.14-08.50.47:755][  0]LogConfig: Setting CVar [[r.SkyLight.RealTimeReflectionCapture:1]]
[2023.01.14-08.50.47:755][  0]LogConfig: Applying CVar settings from Section [FoliageQuality@3] File [D:/GitProjects/-Spoiled-CupCake/SpoiledCupCake/Saved/Config/Windows/Scalability.ini]
[2023.01.14-08.50.47:755][  0]LogConfig: Setting CVar [[foliage.DensityScale:1.0]]
[2023.01.14-08.50.47:755][  0]LogConfig: Setting CVar [[grass.DensityScale:1.0]]
[2023.01.14-08.50.47:756][  0]LogConfig: Applying CVar settings from Section [ShadingQuality@3] File [D:/GitProjects/-Spoiled-CupCake/SpoiledCupCake/Saved/Config/Windows/Scalability.ini]
[2023.01.14-08.50.47:756][  0]LogConfig: Setting CVar [[r.HairStrands.SkyLighting.IntegrationType:2]]
[2023.01.14-08.50.47:756][  0]LogConfig: Setting CVar [[r.HairStrands.SkyAO.SampleCount:4]]
[2023.01.14-08.50.47:756][  0]LogConfig: Setting CVar [[r.HairStrands.Visibility.MSAA.SamplePerPixel:4]]
[2023.01.14-08.50.47:756][  0]LogConfig: Applying CVar settings from Section [Startup] File [../../../Engine/Config/ConsoleVariables.ini]
[2023.01.14-08.50.47:756][  0]LogConfig: Setting CVar [[net.UseAdaptiveNetUpdateFrequency:0]]
[2023.01.14-08.50.47:756][  0]LogConfig: Setting CVar [[p.chaos.AllowCreatePhysxBodies:1]]
[2023.01.14-08.50.47:756][  0]LogConfig: Setting CVar [[fx.SkipVectorVMBackendOptimizations:1]]
[2023.01.14-08.50.47:756][  0]LogConfig: Applying CVar settings from Section [ConsoleVariables] File [D:/GitProjects/-Spoiled-CupCake/SpoiledCupCake/Saved/Config/Windows/Engine.ini]
[2023.01.14-08.50.47:756][  0]LogConfig: Applying CVar settings from Section [ConsoleVariables] File [D:/GitProjects/-Spoiled-CupCake/SpoiledCupCake/Saved/Config/Windows/Editor.ini]
[2023.01.14-08.50.47:756][  0]LogInit: Computer: MAYIL
[2023.01.14-08.50.47:756][  0]LogInit: User: Mayil
[2023.01.14-08.50.47:756][  0]LogInit: CPU Page size=4096, Cores=8
[2023.01.14-08.50.47:756][  0]LogInit: High frequency timer resolution =10.000000 MHz
[2023.01.14-08.50.47:756][  0]LogMemory: Memory total: Physical=15.4GB (16GB approx)
[2023.01.14-08.50.47:756][  0]LogMemory: Platform Memory Stats for Windows
[2023.01.14-08.50.47:756][  0]LogMemory: Process Physical Memory: 149.90 MB used, 149.90 MB peak
[2023.01.14-08.50.47:756][  0]LogMemory: Process Virtual Memory: 123.59 MB used, 123.59 MB peak
[2023.01.14-08.50.47:756][  0]LogMemory: Physical Memory: 9302.47 MB used,  6470.79 MB free, 15773.26 MB total
[2023.01.14-08.50.47:756][  0]LogMemory: Virtual Memory: 134207064.00 MB used,  10664.32 MB free, 134217728.00 MB total
[2023.01.14-08.50.47:761][  0]LogWindows: WindowsPlatformFeatures enabled
[2023.01.14-08.50.47:796][  0]LogInit: Physics initialised using underlying interface: PhysX
[2023.01.14-08.50.47:797][  0]LogInit: Using OS detected language (en-US).
[2023.01.14-08.50.47:797][  0]LogInit: Using OS detected locale (en-IN).
[2023.01.14-08.50.47:798][  0]LogTextLocalizationManager: No specific localization for 'en-US' exists, so the 'en' localization will be used.
[2023.01.14-08.50.47:966][  0]LogInit: Setting process to per monitor DPI aware
[2023.01.14-08.50.47:977][  0]LogWindowsTextInputMethodSystem: Display: IME system deactivated.
[2023.01.14-08.50.47:987][  0]LogSlate: New Slate User Created.  User Index 0, Is Virtual User: 0
[2023.01.14-08.50.47:987][  0]LogSlate: Slate User Registered.  User Index 0, Is Virtual User: 0
[2023.01.14-08.50.48:115][  0]LogD3D11RHI: Loaded GFSDK_Aftermath_Lib.x64.dll
[2023.01.14-08.50.48:167][  0]LogHMD: Failed to initialize OpenVR with code 110
[2023.01.14-08.50.48:167][  0]LogD3D11RHI: D3D11 min allowed feature level: 11_0
[2023.01.14-08.50.48:167][  0]LogD3D11RHI: D3D11 max allowed feature level: 11_0
[2023.01.14-08.50.48:167][  0]LogD3D11RHI: D3D11 adapters:
[2023.01.14-08.50.48:276][  0]LogD3D11RHI:    0. 'NVIDIA GeForce RTX 3060 Laptop GPU' (Feature Level 11_0)
[2023.01.14-08.50.48:277][  0]LogD3D11RHI:       6009/0/7886 MB DedicatedVideo/DedicatedSystem/SharedSystem, Outputs:2, VendorId:0x10de
[2023.01.14-08.50.48:323][  0]LogD3D11RHI:    1. 'AMD Radeon(TM) Graphics' (Feature Level 11_0)
[2023.01.14-08.50.48:323][  0]LogD3D11RHI:       496/0/7886 MB DedicatedVideo/DedicatedSystem/SharedSystem, Outputs:0, VendorId:0x1002
[2023.01.14-08.50.48:325][  0]LogD3D11RHI:    2. 'Microsoft Basic Render Driver' (Feature Level 11_0)
[2023.01.14-08.50.48:325][  0]LogD3D11RHI:       0/0/7886 MB DedicatedVideo/DedicatedSystem/SharedSystem, Outputs:0, VendorId:0x1414
[2023.01.14-08.50.48:325][  0]LogD3D11RHI: Chosen D3D11 Adapter:
[2023.01.14-08.50.48:325][  0]LogD3D11RHI:     Description : NVIDIA GeForce RTX 3060 Laptop GPU
[2023.01.14-08.50.48:325][  0]LogD3D11RHI:     VendorId    : 10de
[2023.01.14-08.50.48:325][  0]LogD3D11RHI:     DeviceId    : 2520
[2023.01.14-08.50.48:325][  0]LogD3D11RHI:     SubSysId    : 16a21043
[2023.01.14-08.50.48:325][  0]LogD3D11RHI:     Revision    : 00a1
[2023.01.14-08.50.48:325][  0]LogD3D11RHI:     DedicatedVideoMemory : 6300893184 bytes
[2023.01.14-08.50.48:325][  0]LogD3D11RHI:     DedicatedSystemMemory : 0 bytes
[2023.01.14-08.50.48:325][  0]LogD3D11RHI:     SharedSystemMemory : 8269731840 bytes
[2023.01.14-08.50.48:325][  0]LogD3D11RHI:     AdapterLuid : 0 72496
[2023.01.14-08.50.48:332][  0]LogD3D11RHI: Creating new Direct3DDevice
[2023.01.14-08.50.48:332][  0]LogD3D11RHI:     GPU DeviceId: 0x2520 (for the marketing name, search the web for "GPU Device Id")
[2023.01.14-08.50.48:332][  0]LogWindows: EnumDisplayDevices:
[2023.01.14-08.50.48:333][  0]LogWindows:    0. 'AMD Radeon(TM) Graphics' (P:0 D:1)
[2023.01.14-08.50.48:333][  0]LogWindows:    1. 'AMD Radeon(TM) Graphics' (P:1 D:1)
[2023.01.14-08.50.48:333][  0]LogWindows:    2. 'AMD Radeon(TM) Graphics' (P:0 D:0)
[2023.01.14-08.50.48:333][  0]LogWindows:    3. 'NVIDIA GeForce RTX 3060 Laptop GPU' (P:0 D:0)
[2023.01.14-08.50.48:333][  0]LogWindows:    4. 'NVIDIA GeForce RTX 3060 Laptop GPU' (P:0 D:0)
[2023.01.14-08.50.48:333][  0]LogWindows:    5. 'NVIDIA GeForce RTX 3060 Laptop GPU' (P:0 D:0)
[2023.01.14-08.50.48:333][  0]LogWindows:    6. 'NVIDIA GeForce RTX 3060 Laptop GPU' (P:0 D:0)
[2023.01.14-08.50.48:334][  0]LogWindows: DebugString: PrimaryIsNotTheChoosenAdapter PrimaryIsNotTheChoosenAdapter PrimaryIsNotTheChoosenAdapter FoundDriverCount:4 
[2023.01.14-08.50.48:334][  0]LogD3D11RHI:     Adapter Name: NVIDIA GeForce RTX 3060 Laptop GPU
[2023.01.14-08.50.48:334][  0]LogD3D11RHI:   Driver Version: 526.98 (internal:31.0.15.2698, unified:526.98)
[2023.01.14-08.50.48:334][  0]LogD3D11RHI:      Driver Date: 11-13-2022
[2023.01.14-08.50.48:334][  0]LogRHI: Texture pool is 4206 MB (70% of 6009 MB)
[2023.01.14-08.50.48:334][  0]LogD3D11RHI: Creating D3DDevice using adapter:
[2023.01.14-08.50.48:334][  0]LogD3D11RHI:     Description : NVIDIA GeForce RTX 3060 Laptop GPU
[2023.01.14-08.50.48:334][  0]LogD3D11RHI:     VendorId    : 10de
[2023.01.14-08.50.48:334][  0]LogD3D11RHI:     DeviceId    : 2520
[2023.01.14-08.50.48:334][  0]LogD3D11RHI:     SubSysId    : 16a21043
[2023.01.14-08.50.48:334][  0]LogD3D11RHI:     Revision    : 00a1
[2023.01.14-08.50.48:334][  0]LogD3D11RHI:     DedicatedVideoMemory : 6300893184 bytes
[2023.01.14-08.50.48:334][  0]LogD3D11RHI:     DedicatedSystemMemory : 0 bytes
[2023.01.14-08.50.48:334][  0]LogD3D11RHI:     SharedSystemMemory : 8269731840 bytes
[2023.01.14-08.50.48:334][  0]LogD3D11RHI:     AdapterLuid : 0 72496
[2023.01.14-08.50.48:389][  0]LogD3D11RHI: RHI has support for 64 bit atomics
[2023.01.14-08.50.48:389][  0]LogD3D11RHI: Async texture creation enabled
[2023.01.14-08.50.48:389][  0]LogD3D11RHI: Array index from any shader is supported
[2023.01.14-08.50.48:419][  0]LogD3D11RHI: GPU Timing Frequency: 1000.000000 (Debug: 2 1)
[2023.01.14-08.50.48:450][  0]LogRHI: GeForceNow SDK initialized: 1
[2023.01.14-08.50.48:693][  0]LogTargetPlatformManager: Display: Loaded TargetPlatform 'AllDesktop'
[2023.01.14-08.50.48:710][  0]LogTargetPlatformManager: Display: Loaded TargetPlatform 'Android'
[2023.01.14-08.50.48:710][  0]LogTargetPlatformManager: Display: Loaded TargetPlatform 'Android_ASTC'
[2023.01.14-08.50.48:710][  0]LogTargetPlatformManager: Display: Loaded TargetPlatform 'Android_DXT'
[2023.01.14-08.50.48:710][  0]LogTargetPlatformManager: Display: Loaded TargetPlatform 'Android_ETC2'
[2023.01.14-08.50.48:710][  0]LogTargetPlatformManager: Display: Loaded TargetPlatform 'AndroidClient'
[2023.01.14-08.50.48:710][  0]LogTargetPlatformManager: Display: Loaded TargetPlatform 'Android_ASTCClient'
[2023.01.14-08.50.48:710][  0]LogTargetPlatformManager: Display: Loaded TargetPlatform 'Android_DXTClient'
[2023.01.14-08.50.48:710][  0]LogTargetPlatformManager: Display: Loaded TargetPlatform 'Android_ETC2Client'
[2023.01.14-08.50.48:710][  0]LogTargetPlatformManager: Display: Loaded TargetPlatform 'Android_Multi'
[2023.01.14-08.50.48:710][  0]LogTargetPlatformManager: Display: Loaded TargetPlatform 'Android_MultiClient'
[2023.01.14-08.50.48:727][  0]LogTargetPlatformManager: Display: Loaded TargetPlatform 'IOSClient'
[2023.01.14-08.50.48:727][  0]LogTargetPlatformManager: Display: Loaded TargetPlatform 'IOS'
[2023.01.14-08.50.48:735][  0]LogTargetPlatformManager: Display: Loaded TargetPlatform 'Linux'
[2023.01.14-08.50.48:739][  0]LogTargetPlatformManager: Display: Loaded TargetPlatform 'LinuxNoEditor'
[2023.01.14-08.50.48:743][  0]LogTargetPlatformManager: Display: Loaded TargetPlatform 'LinuxClient'
[2023.01.14-08.50.48:748][  0]LogTargetPlatformManager: Display: Loaded TargetPlatform 'LinuxServer'
[2023.01.14-08.50.48:755][  0]LogTargetPlatformManager: Display: Loaded TargetPlatform 'LinuxAArch64NoEditor'
[2023.01.14-08.50.48:759][  0]LogTargetPlatformManager: Display: Loaded TargetPlatform 'LinuxAArch64Client'
[2023.01.14-08.50.48:764][  0]LogTargetPlatformManager: Display: Loaded TargetPlatform 'LinuxAArch64Server'
[2023.01.14-08.50.48:782][  0]LogTargetPlatformManager: Display: Loaded TargetPlatform 'Lumin'
[2023.01.14-08.50.48:782][  0]LogTargetPlatformManager: Display: Loaded TargetPlatform 'LuminClient'
[2023.01.14-08.50.48:789][  0]LogTargetPlatformManager: Display: Loaded TargetPlatform 'MacNoEditor'
[2023.01.14-08.50.48:793][  0]LogTargetPlatformManager: Display: Loaded TargetPlatform 'Mac'
[2023.01.14-08.50.48:797][  0]LogTargetPlatformManager: Display: Loaded TargetPlatform 'MacClient'
[2023.01.14-08.50.48:801][  0]LogTargetPlatformManager: Display: Loaded TargetPlatform 'MacServer'
[2023.01.14-08.50.48:810][  0]LogTargetPlatformManager: Display: Loaded TargetPlatform 'TVOSClient'
[2023.01.14-08.50.48:810][  0]LogTargetPlatformManager: Display: Loaded TargetPlatform 'TVOS'
[2023.01.14-08.50.48:817][  0]LogTargetPlatformManager: Display: Loaded TargetPlatform 'WindowsNoEditor'
[2023.01.14-08.50.48:822][  0]LogTargetPlatformManager: Display: Loaded TargetPlatform 'Windows'
[2023.01.14-08.50.48:826][  0]LogTargetPlatformManager: Display: Loaded TargetPlatform 'WindowsClient'
[2023.01.14-08.50.48:830][  0]LogTargetPlatformManager: Display: Loaded TargetPlatform 'WindowsServer'
[2023.01.14-08.50.48:830][  0]LogTargetPlatformManager: Display: Building Assets For Windows
[2023.01.14-08.50.48:837][  0]LogAudioDebug: Display: Lib vorbis DLL was dynamically loaded.
[2023.01.14-08.50.48:869][  0]LogTextureFormatOodle: Display: Oodle Texture 2.9.0 init RDO Off
[2023.01.14-08.50.48:902][  0]LogRendererCore: Ray tracing is disabled. Reason: r.RayTracing=0.
[2023.01.14-08.50.48:903][  0]LogShaderCompilers: Guid format shader working directory is -1 characters bigger than the processId version (D:/GitProjects/-Spoiled-CupCake/SpoiledCupCake/Intermediate/Shaders/WorkingDirectory/26992/).
[2023.01.14-08.50.48:903][  0]LogShaderCompilers: Cleaned the shader compiler working directory 'C:/Users/Mayil/AppData/Local/Temp/UnrealShaderWorkingDir/90CB0640441A31E14C6A74A0A0130A28/'.
[2023.01.14-08.50.48:903][  0]LogXGEController: Cannot use XGE Controller as Incredibuild is not installed on this machine.
[2023.01.14-08.50.48:903][  0]LogShaderCompilers: Cannot use XGE Shader Compiler as Incredibuild is not installed on this machine.
[2023.01.14-08.50.48:903][  0]LogShaderCompilers: Display: Using Local Shader Compiler.
[2023.01.14-08.50.49:483][  0]LogDerivedDataCache: Display: Max Cache Size: 512 MB
[2023.01.14-08.50.49:565][  0]LogDerivedDataCache: Loaded boot cache 0.08s 95MB C:/Users/Mayil/AppData/Local/UnrealEngine/4.27/DerivedDataCache/Boot.ddc.
[2023.01.14-08.50.49:565][  0]LogDerivedDataCache: Display: Loaded Boot cache: C:/Users/Mayil/AppData/Local/UnrealEngine/4.27/DerivedDataCache/Boot.ddc
[2023.01.14-08.50.49:565][  0]LogDerivedDataCache: FDerivedDataBackendGraph:  Pak pak cache file D:/GitProjects/-Spoiled-CupCake/SpoiledCupCake/DerivedDataCache/DDC.ddp not found, will not use a pak cache.
[2023.01.14-08.50.49:565][  0]LogDerivedDataCache: Unable to find inner node Pak for hierarchical cache Hierarchy.
[2023.01.14-08.50.49:565][  0]LogDerivedDataCache: FDerivedDataBackendGraph:  CompressedPak pak cache file D:/GitProjects/-Spoiled-CupCake/SpoiledCupCake/DerivedDataCache/Compressed.ddp not found, will not use a pak cache.
[2023.01.14-08.50.49:566][  0]LogDerivedDataCache: Unable to find inner node CompressedPak for hierarchical cache Hierarchy.
[2023.01.14-08.50.49:581][  0]LogDerivedDataCache: Display: Pak cache opened for reading ../../../Engine/DerivedDataCache/Compressed.ddp.
[2023.01.14-08.50.49:581][  0]LogDerivedDataCache: FDerivedDataBackendGraph:  EnterprisePak pak cache file ../../../Enterprise/DerivedDataCache/Compressed.ddp not found, will not use a pak cache.
[2023.01.14-08.50.49:581][  0]LogDerivedDataCache: Unable to find inner node EnterprisePak for hierarchical cache Hierarchy.
[2023.01.14-08.50.49:589][  0]LogDerivedDataCache: Speed tests for C:/Users/Mayil/AppData/Local/UnrealEngine/Common/DerivedDataCache took 0.01 seconds
[2023.01.14-08.50.49:589][  0]LogDerivedDataCache: Display: Performance to C:/Users/Mayil/AppData/Local/UnrealEngine/Common/DerivedDataCache: Latency=0.05ms. RandomReadSpeed=1009.87MBs, RandomWriteSpeed=136.73MBs. Assigned SpeedClass 'Local'
[2023.01.14-08.50.49:590][  0]LogDerivedDataCache: Using Local data cache path C:/Users/Mayil/AppData/Local/UnrealEngine/Common/DerivedDataCache: Writable
[2023.01.14-08.50.49:590][  0]LogDerivedDataCache: Shared data cache path not found in *engine.ini, will not use an Shared cache.
[2023.01.14-08.50.49:590][  0]LogDerivedDataCache: Unable to find inner node Shared for hierarchical cache Hierarchy.
[2023.01.14-08.50.49:628][  0]LogSlate: Using FreeType 2.10.0
[2023.01.14-08.50.49:629][  0]LogSlate: SlateFontServices - WITH_FREETYPE: 1, WITH_HARFBUZZ: 1
[2023.01.14-08.50.49:654][  0]LogAssetRegistry: FAssetRegistry took 0.0033 seconds to start up
[2023.01.14-08.50.49:894][  0]LogInit: Selected Device Profile: [Windows]
[2023.01.14-08.50.49:894][  0]LogInit: Active device profile: [000001EB2B8B7200][000001EB2C404640 49] Windows
[2023.01.14-08.50.49:894][  0]LogInit: Profiles: [000001EB2B8B7200][000001EB2C404640 49] Windows, [000001EB2B881000][000001EB2C400780 49] WindowsNoEditor, [000001EB2B8B5000][000001EB2C4088C0 49] WindowsServer, [000001EB2B882800][000001EB2C410A40 49] WindowsClient, [000001EB2B8B6700][000001EB2C414BC0 49] IOS, [000001EB2B883D00][000001EB2C418D40 49] iPadAir, [000001EB2B8B7B00][000001EB2C41CEC0 49] iPadAir2, [000001EB2B823500][000001EB2C425180 49] IPadPro, [000001EB2B823600][000001EB2C4211C0 49] iPadAir3, [000001EB2B8B4700][000001EB2C429340 49] iPadAir4, [000001EB2B821500][000001EB2C42D4C0 49] iPadMini2, [000001EB2B8B7F00][000001EB2C431640 49] iPadMini3, [000001EB2B820E00][000001EB2C4357C0 49] iPadMini4, [000001EB2B8B5E00][000001EB2C439940 49] iPadMini5, [000001EB2B816800][000001EB2820FC00 49] iPhone6, [000001EB2B816900][000001EB2C43C0C0 49] iPodTouch6, [000001EB2B820800][000001EB28216380 49] iPhone7, [000001EB2B820700][000001EB282123C0 49] iPodTouch7, [000001EB2B815400][000001EB2821A540 49] iPhone5S, [000001EB2B821000][000001EB2821E6C0 49] iPhone6Plus, [000001EB2B816300][000001EB2C40C800 49] iPhone6S, [000001EB2B822C00][000001EB28222940 49] iPhone6SPlus, [000001EB2B817C00][000001EB28226A80 49] iPhone7Plus, [000001EB2B822200][000001EB2822ABC0 49] iPhoneSE, [000001EB2B815500][000001EB28232D40 49] iPhone8, [000001EB2B822800][000001EB28236EC0 49] iPhone8Plus, [000001EB2B815900][000001EB2823B040 49] iPhoneX, [000001EB2B820B00][000001EB2823F1C0 49] iPhoneXS, [000001EB2B815A00][000001EB28243340 49] iPhoneXSMax, [000001EB2B823B00][000001EB282474C0 49] iPhoneXR, [000001EB2B817A00][000001EB2824B640 49] iPhone11, [000001EB2B820300][000001EB2824F7C0 49] iPhone11Pro, [000001EB2B816F00][000001EB28253940 49] iPhone11ProMax, [000001EB2B820C00][000001EB28257AC0 49] iPhoneSE2, [000001EB2B815F00][000001EB286260C0 49] iPhone12Mini, [000001EB2B821B00][000001EB2862A240 49] iPhone12, [000001EB2B817400][000001EB2862E3C0 49] iPhone12Pro, [000001EB2B821100][000001EB28632540 49] iPhone12ProMax, [000001EB2B816C00][000001EB286366C0 49] iPadPro105, [000001EB2B821A00][000001EB2863A840 49] iPadPro129, [000001EB2B817000][000001EB2822E980 49] iPadPro97, [000001EB2B821900][000001EB2863EAC0 49] iPadPro2_129, [000001EB2B815300][000001EB28642C00 49] iPad5, [000001EB2B822000][000001EB28646D40 49] iPad6, [000001EB2B815200][000001EB2864EEC0 49] iPad7, [000001EB2B821F00][000001EB28653040 49] iPad8, [000001EB2B815E00][000001EB286571C0 49] iPadPro11, [000001EB2B823F00][000001EB2865B340 49] iPadPro2_11, [000001EB2B816400][000001EB2865F4C0 49] iPadPro3_129, [000001EB2B822300][000001EB28663640 49] iPadPro4_129, [000001EB2B816A00][000001EB286677C0 49] AppleTV, [000001EB2B821700][000001EB2866B940 49] AppleTV4K, [000001EB2B816700][000001EB2866FAC0 49] TVOS, [000001EB2B822500][000001EB286720C0 49] Mac, [000001EB2B880600][000001EB28676240 49] MacClient, [000001EB2B8F8800][000001EB29C303C0 49] MacNoEditor, [000001EB2B880200][000001EB29C34540 49] MacServer, [000001EB2B8F9400][000001EB29C386C0 49] Linux, [000001EB2B881C00][000001EB29C3C840 49] LinuxAArch64, [000001EB2B8F8D00][000001EB29C409C0 49] LinuxNoEditor, [000001EB2B881600][000001EB29C44B40 49] LinuxAArch64NoEditor, [000001EB2B8F9A00][000001EB2864AC80 49] LinuxClient, [000001EB2B882500][000001EB29C48DC0 49] LinuxAArch64Client, [000001EB2B8F8500][000001EB29C4CF00 49] LinuxServer, [000001EB2B880300][000001EB29C55080 49] LinuxAArch64Server, [000001EB2B8F8100][000001EB29C59200 49] Android, [000001EB2B880D00][000001EB29C5D380 49] Android_Low, [000001EB2B8F9300][000001EB29C61500 49] Android_Mid, [000001EB2B882B00][000001EB29C65680 49] Android_High, [000001EB2B8F9200][000001EB29C69800 49] Android_Default, [000001EB2B881900][000001EB29C6D980 49] Android_Adreno4xx, [000001EB2B8F8C00][000001EB29C71B00 49] Android_Adreno5xx_Low, [000001EB2B880400][000001EB29C74100 49] Android_Adreno5xx, [000001EB2B8FA500][000001EB29C78280 49] Android_Adreno6xx, [000001EB2B822E00][000001EB29C7C400 49] Android_Adreno6xx_Vulkan, [000001EB2B814B00][000001EB29C80580 49] Android_Mali_T6xx, [000001EB2B823900][000001EB29C84700 49] Android_Mali_T7xx, [000001EB2B814A00][000001EB29C88880 49] Android_Mali_T8xx, [000001EB2B820400][000001EB29FB2A00 49] Android_Mali_G71, [000001EB2B814E00][000001EB29FB6B80 49] Android_Mali_G72, [000001EB2B820900][000001EB29FBAD00 49] Android_Mali_G72_Vulkan, [000001EB2B816000][000001EB29C50E40 49] Android_Mali_G76, [000001EB2B820500][000001EB29FBEF80 49] Android_Mali_G76_Vulkan, [000001EB2B8FA900][000001EB29FC30C0 49] Android_Mali_G77, [000001EB2B820200][000001EB29FCB240 49] Android_Mali_G77_Vulkan, [000001EB2B8F9B00][000001EB29FCF3C0 49] Android_Mali_G78, [000001EB2B822400][000001EB29FD3540 49] Android_Mali_G78_Vulkan, [000001EB2B8FA000][000001EB29FD76C0 49] Android_Mali_G710, [000001EB2B820D00][000001EB29FDB840 49] Android_Mali_G710_Vulkan, [000001EB2B8F8600][000001EB29FDF9C0 49] Android_Vulkan_SM5, [000001EB2B822B00][000001EB29FE3B40 49] Android_PowerVR_G6xxx, [000001EB2B8F8400][000001EB29FE6140 49] Android_PowerVR_GT7xxx, [000001EB2B820F00][000001EB29FEA2C0 49] Android_PowerVR_GE8xxx, [000001EB2B8F8B00][000001EB29FEE440 49] Android_PowerVR_GM9xxx, [000001EB2B823100][000001EB29FF25C0 49] Android_PowerVR_GM9xxx_Vulkan, [000001EB2B8F8F00][000001EB29FF6740 49] Android_TegraK1, [000001EB2B821800][000001EB29FFA8C0 49] Android_Unknown_Vulkan, [000001EB2B8F8900][000001EB29FFEA40 49] Lumin, [000001EB2B823D00][000001EB2A002BC0 49] Lumin_Desktop, [000001EB2B816500][000001EB2A006D40 49] HoloLens, 
[2023.01.14-08.50.50:008][  0]LogMeshReduction: Using QuadricMeshReduction for automatic static mesh reduction
[2023.01.14-08.50.50:008][  0]LogMeshReduction: Using SimplygonMeshReduction for automatic skeletal mesh reduction
[2023.01.14-08.50.50:008][  0]LogMeshReduction: Using ProxyLODMeshReduction for automatic mesh merging
[2023.01.14-08.50.50:008][  0]LogMeshReduction: No distributed automatic mesh merging module available
[2023.01.14-08.50.50:008][  0]LogMeshMerging: No distributed automatic mesh merging module available
[2023.01.14-08.50.50:023][  0]LogNetVersion: SpoiledCupCake 1.0.0, NetCL: 17155196, EngineNetVer: 17, GameNetVer: 0 (Checksum: 689602951)
[2023.01.14-08.50.50:380][  0]LogTexture: Default maximum texture size for cubemaps generated from long-lat sources has been changed from 512 to unlimited. In order to preserve old behaiour for '/Engine/MapTemplates/Sky/DaylightAmbientCubemap.DaylightAmbientCubemap', its maximum texture size has been explicitly set to 512.
[2023.01.14-08.50.50:436][  0]LogHMD: PokeAHoleMaterial loaded successfully
[2023.01.14-08.50.50:442][  0]LogUObjectArray: 17178 objects as part of root set at end of initial load.
[2023.01.14-08.50.50:442][  0]LogUObjectAllocator: 4302048 out of 0 bytes used by permanent object pool.
[2023.01.14-08.50.50:442][  0]LogUObjectArray: CloseDisregardForGC: 0/0 objects in disregard for GC pool
[2023.01.14-08.50.50:775][  0]LogNiagaraDebuggerClient: Niagara Debugger Client Initialized | Session: 889D052F49B34DACEC35DB88B4E723D9 | Instance: F7C98D20460B1444E613C29BDB61AC8A (MAYIL-26992).
[2023.01.14-08.50.50:896][  0]LogTcpMessaging: Initializing TcpMessaging bridge
[2023.01.14-08.50.50:912][  0]LogUdpMessaging: Initializing bridge on interface 0.0.0.0:0 to multicast group 230.0.0.1:6666.
[2023.01.14-08.50.50:970][  0]LogPython: Using Python 3.7.7
[2023.01.14-08.50.51:574][  0]SourceControl: Source control is disabled
[2023.01.14-08.50.51:574][  0]SourceControl: Source control is disabled
[2023.01.14-08.50.51:579][  0]SourceControl: Source control is disabled
[2023.01.14-08.50.51:586][  0]SourceControl: Source control is disabled
[2023.01.14-08.50.51:589][  0]SourceControl: Source control is disabled
[2023.01.14-08.50.51:600][  0]LogUProjectInfo: Found projects:
[2023.01.14-08.50.51:743][  0]LogAndroidPermission: UAndroidPermissionCallbackProxy::GetInstance
[2023.01.14-08.50.51:768][  0]LogAudioCaptureCore: Display: No Audio Capture implementations found. Audio input will be silent.
[2023.01.14-08.50.51:768][  0]LogAudioCaptureCore: Display: No Audio Capture implementations found. Audio input will be silent.
[2023.01.14-08.50.52:071][  0]LogOpenImageDenoise: OIDN starting up
[2023.01.14-08.50.52:087][  0]LogCollectionManager: Loaded 0 collections in 0.000518 seconds
[2023.01.14-08.50.52:112][  0]LogFileCache: Scanning file cache for directory 'D:/GitProjects/-Spoiled-CupCake/SpoiledCupCake/Saved/Collections/' took 0.00s
[2023.01.14-08.50.52:112][  0]LogFileCache: Scanning file cache for directory 'D:/GitProjects/-Spoiled-CupCake/SpoiledCupCake/Content/Developers/Mayil/Collections/' took 0.00s
[2023.01.14-08.50.52:112][  0]LogFileCache: Scanning file cache for directory 'D:/GitProjects/-Spoiled-CupCake/SpoiledCupCake/Content/Collections/' took 0.00s
[2023.01.14-08.50.52:112][  0]LogOcInput: OculusInput pre-init called
[2023.01.14-08.50.52:329][  0]LogEngine: Initializing Engine...
[2023.01.14-08.50.52:432][  0]LogHMD: Failed to enumerate extensions. Please check that you have a valid OpenXR runtime installed.
[2023.01.14-08.50.52:433][  0]LogHMD: Failed to initialize OpenVR with code 110
[2023.01.14-08.50.52:433][  0]LogMagicLeap: Warning: VR disabled because ZI is not enabled.  To enable, in the editor, Edit -> Project Settings -> Plugins -> Magic Leap Plugin -> Enable Zero Iteration
[2023.01.14-08.50.52:434][  0]LogStats: UGameplayTagsManager::InitializeManager -  0.000 s
[2023.01.14-08.50.52:524][  0]LogInit: Initializing FReadOnlyCVARCache
[2023.01.14-08.50.52:532][  0]LogAIModule: Creating AISystem for world Untitled
[2023.01.14-08.50.52:589][  0]LogAudio: Display: Initializing Audio Device Manager...
[2023.01.14-08.50.52:593][  0]LogAudio: Display: Loading Default Audio Settings Objects...
[2023.01.14-08.50.52:593][  0]LogAudio: Display: No default SoundConcurrencyObject specified (or failed to load).
[2023.01.14-08.50.52:594][  0]LogAudio: Display: Audio Device Manager Initialized
[2023.01.14-08.50.52:594][  0]LogAudio: Display: Creating Audio Device:                 Id: 1, Scope: Shared, Realtime: True
[2023.01.14-08.50.52:594][  0]LogAudioMixer: Display: Audio Mixer Platform Settings:
[2023.01.14-08.50.52:594][  0]LogAudioMixer: Display: 	Sample Rate:						  48000
[2023.01.14-08.50.52:594][  0]LogAudioMixer: Display: 	Callback Buffer Frame Size Requested: 1024
[2023.01.14-08.50.52:594][  0]LogAudioMixer: Display: 	Callback Buffer Frame Size To Use:	  1024
[2023.01.14-08.50.52:594][  0]LogAudioMixer: Display: 	Number of buffers to queue:			  2
[2023.01.14-08.50.52:594][  0]LogAudioMixer: Display: 	Max Channels (voices):				  32
[2023.01.14-08.50.52:594][  0]LogAudioMixer: Display: 	Number of Async Source Workers:		  0
[2023.01.14-08.50.52:594][  0]LogAudio: Display: AudioDevice MaxSources: 32
[2023.01.14-08.50.52:594][  0]LogAudio: Display: Audio Spatialization Plugin: None (built-in).
[2023.01.14-08.50.52:594][  0]LogAudio: Display: Audio Reverb Plugin: None (built-in).
[2023.01.14-08.50.52:594][  0]LogAudio: Display: Audio Occlusion Plugin: None (built-in).
[2023.01.14-08.50.52:594][  0]LogAudioMixer: Display: Initializing audio mixer.
[2023.01.14-08.50.52:604][  0]LogAudioMixer: Display: 0: FrontLeft
[2023.01.14-08.50.52:604][  0]LogAudioMixer: Display: 1: FrontRight
[2023.01.14-08.50.52:899][  0]LogAudioMixer: Display: Using Audio Device Speakers (Realtek(R) Audio)
[2023.01.14-08.50.52:899][  0]LogAudioMixer: Display: Initializing Sound Submixes...
[2023.01.14-08.50.52:901][  0]LogAudioMixer: Display: Creating Master Submix 'MasterSubmixDefault'
[2023.01.14-08.50.52:901][  0]LogAudioMixer: Display: Creating Master Submix 'MasterReverbSubmixDefault'
[2023.01.14-08.50.52:902][  0]LogAudioMixer: Display: Creating Master Submix 'MasterEQSubmixDefault'
[2023.01.14-08.50.52:902][  0]LogAudioMixer: FMixerPlatformXAudio2::StartAudioStream() called
[2023.01.14-08.50.52:902][  0]LogAudioMixer: Display: Output buffers initialized: Frames=1024, Channels=2, Samples=2048
[2023.01.14-08.50.52:903][  0]LogAudioMixer: Display: Starting AudioMixerPlatformInterface::RunInternal()
[2023.01.14-08.50.52:903][  0]LogAudioMixer: Display: FMixerPlatformXAudio2::SubmitBuffer() called for the first time
[2023.01.14-08.50.52:903][  0]LogInit: FAudioDevice initialized.
[2023.01.14-08.50.52:903][  0]LogAudio: Display: Audio Device (ID: 1) registered with world 'Untitled'.
[2023.01.14-08.50.52:903][  0]LogNetVersion: Set ProjectVersion to 1.0.0.0. Version Checksum will be recalculated on next use.
[2023.01.14-08.50.52:948][  0]LogDerivedDataCache: Saved boot cache 0.04s 95MB C:/Users/Mayil/AppData/Local/UnrealEngine/4.27/DerivedDataCache/Boot.ddc.
[2023.01.14-08.50.52:950][  0]LogInit: Texture streaming: Enabled
[2023.01.14-08.50.52:961][  0]LogAnalytics: Display: [UEEditor.Rocket.Release] APIServer = https://datarouter.ol.epicgames.com/. AppVersion = 4.27.2-18319896+++UE4+Release-4.27
[2023.01.14-08.50.52:968][  0]LogEngineSessionManager: EngineSessionManager initialized
[2023.01.14-08.50.52:968][  0]LogEditorSessionSummary: Verbose: Initializing EditorSessionSummaryWriter for editor session tracking
[2023.01.14-08.50.52:972][  0]LogEditorSessionSummary: EditorSessionSummaryWriter initialized
[2023.01.14-08.50.53:002][  0]LogInit: Transaction tracking system initialized
[2023.01.14-08.50.53:023][  0]BlueprintLog: New page: Editor Load
[2023.01.14-08.50.53:078][  0]LocalizationService: Localization service is disabled
[2023.01.14-08.50.53:100][  0]TimingProfiler: Initialize
[2023.01.14-08.50.53:100][  0]TimingProfiler: OnSessionChanged
[2023.01.14-08.50.53:100][  0]LoadingProfiler: Initialize
[2023.01.14-08.50.53:100][  0]LoadingProfiler: OnSessionChanged
[2023.01.14-08.50.53:100][  0]NetworkingProfiler: Initialize
[2023.01.14-08.50.53:100][  0]NetworkingProfiler: OnSessionChanged
[2023.01.14-08.50.53:100][  0]MemoryProfiler: Initialize
[2023.01.14-08.50.53:100][  0]MemoryProfiler: OnSessionChanged
[2023.01.14-08.50.53:226][  0]LogCook: Display: CookSettings for Memory: MemoryMaxUsedVirtual 0MiB, MemoryMaxUsedPhysical 16384MiB, MemoryMinFreeVirtual 0MiB, MemoryMinFreePhysical 1024MiB
[2023.01.14-08.50.53:227][  0]LogCook: Display: Mobile HDR setting 1
[2023.01.14-08.50.53:394][  0]LogFileCache: Scanning file cache for directory 'D:/GitProjects/-Spoiled-CupCake/SpoiledCupCake/Content/' took 0.01s
[2023.01.14-08.50.53:528][  0]LogInit: Display: Engine is initialized. Leaving FEngineLoop::Init()
[2023.01.14-08.50.53:532][  0]SourceControl: Source control is disabled
[2023.01.14-08.50.53:532][  0]LogUnrealEdMisc: Loading editor; pre map load, took 6.781
[2023.01.14-08.50.53:532][  0]Cmd: MAP LOAD FILE="D:/GitProjects/-Spoiled-CupCake/SpoiledCupCake/Content/TopDownBP/Maps/TopDownExampleMap.umap" TEMPLATE=0 SHOWPROGRESS=1 FEATURELEVEL=3
[2023.01.14-08.50.53:532][  0]LightingResults: New page: Lighting Build
[2023.01.14-08.50.53:533][  0]LogWorld: UWorld::CleanupWorld for Untitled, bSessionEnded=true, bCleanupResources=true
[2023.01.14-08.50.53:533][  0]LogSlate: InvalidateAllWidgets triggered.  All widgets were invalidated
[2023.01.14-08.50.53:533][  0]MapCheck: New page: Map Check
[2023.01.14-08.50.53:533][  0]LightingResults: New page: Lighting Build
[2023.01.14-08.50.53:536][  0]LogAudio: Display: Audio Device unregistered from world 'None'.
[2023.01.14-08.50.53:538][  0]LogUObjectHash: Compacting FUObjectHashTables data took   0.69ms
[2023.01.14-08.50.53:936][  0]LogBlueprint: Warning: [AssetLog] D:\GitProjects\-Spoiled-CupCake\SpoiledCupCake\Content\Blueprints\Character\BP_PlayerBase.uasset: [Compiler] InputAction Event references unknown Action 'Fly' for  InputAction Fly
[2023.01.14-08.50.53:936][  0]LogBlueprint: Warning: [AssetLog] D:\GitProjects\-Spoiled-CupCake\SpoiledCupCake\Content\Blueprints\Character\BP_PlayerBase.uasset: [Compiler] InputAction Event references unknown Action 'Jump' for  InputAction Jump
[2023.01.14-08.50.54:583][  0]LogAudio: Display: Audio Device (ID: 1) registered with world 'TopDownExampleMap'.
[2023.01.14-08.50.54:584][  0]LogAIModule: Creating AISystem for world TopDownExampleMap
[2023.01.14-08.50.54:590][  0]LogEditorServer: Finished looking for orphan Actors (0.000 secs)
[2023.01.14-08.50.54:591][  0]LogNavigation: Warning: Recreating dtNavMesh instance due to saved navmesh origin (X=1650.002 Y=349.999 Z=0.000, usually the RecastNavMesh location) not being aligned with tile size (988 uu) 
[2023.01.14-08.50.54:592][  0]LogNavigationDataBuild: Display:    Building NavData:  Name Default class /Script/NavigationSystem.RecastNavMesh agent radius 35.0.
[2023.01.14-08.50.54:601][  0]LogUObjectHash: Compacting FUObjectHashTables data took   0.79ms
[2023.01.14-08.50.54:602][  0]Cmd: MAP CHECKDEP NOCLEARLOG
[2023.01.14-08.50.54:602][  0]MapCheck: Map check complete: 0 Error(s), 0 Warning(s), took 0.093ms to complete.
[2023.01.14-08.50.54:602][  0]LogFileHelpers: Loading map 'TopDownExampleMap' took 1.070
[2023.01.14-08.50.54:603][  0]LogUnrealEdMisc: Total Editor Startup Time, took 7.853
[2023.01.14-08.50.54:740][  0]LogSlate: Updating window title bar state: overlay mode, drag disabled, window buttons hidden, title bar hidden
[2023.01.14-08.50.54:745][  0]LogSlate: Updating window title bar state: overlay mode, drag disabled, window buttons hidden, title bar hidden
[2023.01.14-08.50.54:751][  0]LogSlate: Updating window title bar state: overlay mode, drag disabled, window buttons hidden, title bar hidden
[2023.01.14-08.50.54:756][  0]LogSlate: Updating window title bar state: overlay mode, drag disabled, window buttons hidden, title bar hidden
[2023.01.14-08.50.54:795][  0]LogNativeClassHierarchy: Verbose: Native class hierarchy populated in 0.0114 seconds. Added 3822 classes and 928 folders.
[2023.01.14-08.50.54:799][  0]LogNativeClassHierarchy: Verbose: Native class hierarchy updated for 'WidgetCarousel' in 0.0003 seconds. Added 0 classes and 0 folders.
[2023.01.14-08.50.54:812][  0]LogPakFile: PakFile PrimaryIndexSize=187
[2023.01.14-08.50.54:812][  0]LogPakFile: PakFile PathHashIndexSize=101
[2023.01.14-08.50.54:812][  0]LogPakFile: PakFile FullDirectoryIndexSize=148
[2023.01.14-08.50.54:812][  0]LogShaderLibrary: Display: ShaderCodeLibraryPakFileMountedCallback: PakFile 'E:/Games/UE_4.27/FeaturePacks/FP_FirstPerson.upack' (chunk index -1, root 'root:/') mounted
[2023.01.14-08.50.54:812][  0]LogShaderLibrary: Display: ShaderCodeLibraryPakFileMountedCallback: pending pak file info (ChunkID:-1 Root:root:/ File:E:/Games/UE_4.27/FeaturePacks/FP_FirstPerson.upack)
[2023.01.14-08.50.54:812][  0]LogPakFile: OnPakFileMounted2Time == 0.000057
[2023.01.14-08.50.54:821][  0]LogPakFile: PakFile PrimaryIndexSize=189
[2023.01.14-08.50.54:821][  0]LogPakFile: PakFile PathHashIndexSize=101
[2023.01.14-08.50.54:821][  0]LogPakFile: PakFile FullDirectoryIndexSize=152
[2023.01.14-08.50.54:821][  0]LogShaderLibrary: Display: ShaderCodeLibraryPakFileMountedCallback: PakFile 'E:/Games/UE_4.27/FeaturePacks/FP_FirstPersonBP.upack' (chunk index -1, root 'root:/') mounted
[2023.01.14-08.50.54:821][  0]LogShaderLibrary: Display: ShaderCodeLibraryPakFileMountedCallback: pending pak file info (ChunkID:-1 Root:root:/ File:E:/Games/UE_4.27/FeaturePacks/FP_FirstPersonBP.upack)
[2023.01.14-08.50.54:821][  0]LogPakFile: OnPakFileMounted2Time == 0.000045
[2023.01.14-08.50.54:827][  0]LogPakFile: PakFile PrimaryIndexSize=191
[2023.01.14-08.50.54:827][  0]LogPakFile: PakFile PathHashIndexSize=101
[2023.01.14-08.50.54:827][  0]LogPakFile: PakFile FullDirectoryIndexSize=160
[2023.01.14-08.50.54:827][  0]LogShaderLibrary: Display: ShaderCodeLibraryPakFileMountedCallback: PakFile 'E:/Games/UE_4.27/FeaturePacks/MobileStarterContent.upack' (chunk index -1, root 'root:/') mounted
[2023.01.14-08.50.54:827][  0]LogShaderLibrary: Display: ShaderCodeLibraryPakFileMountedCallback: pending pak file info (ChunkID:-1 Root:root:/ File:E:/Games/UE_4.27/FeaturePacks/MobileStarterContent.upack)
[2023.01.14-08.50.54:827][  0]LogPakFile: OnPakFileMounted2Time == 0.000035
[2023.01.14-08.50.54:832][  0]LogPakFile: PakFile PrimaryIndexSize=185
[2023.01.14-08.50.54:832][  0]LogPakFile: PakFile PathHashIndexSize=101
[2023.01.14-08.50.54:832][  0]LogPakFile: PakFile FullDirectoryIndexSize=148
[2023.01.14-08.50.54:832][  0]LogShaderLibrary: Display: ShaderCodeLibraryPakFileMountedCallback: PakFile 'E:/Games/UE_4.27/FeaturePacks/StarterContent.upack' (chunk index -1, root 'root:/') mounted
[2023.01.14-08.50.54:832][  0]LogShaderLibrary: Display: ShaderCodeLibraryPakFileMountedCallback: pending pak file info (ChunkID:-1 Root:root:/ File:E:/Games/UE_4.27/FeaturePacks/StarterContent.upack)
[2023.01.14-08.50.54:832][  0]LogPakFile: OnPakFileMounted2Time == 0.000034
[2023.01.14-08.50.54:837][  0]LogPakFile: PakFile PrimaryIndexSize=190
[2023.01.14-08.50.54:837][  0]LogPakFile: PakFile PathHashIndexSize=101
[2023.01.14-08.50.54:837][  0]LogPakFile: PakFile FullDirectoryIndexSize=154
[2023.01.14-08.50.54:837][  0]LogShaderLibrary: Display: ShaderCodeLibraryPakFileMountedCallback: PakFile 'E:/Games/UE_4.27/FeaturePacks/TP_2DSideScroller.upack' (chunk index -1, root 'root:/') mounted
[2023.01.14-08.50.54:837][  0]LogShaderLibrary: Display: ShaderCodeLibraryPakFileMountedCallback: pending pak file info (ChunkID:-1 Root:root:/ File:E:/Games/UE_4.27/FeaturePacks/TP_2DSideScroller.upack)
[2023.01.14-08.50.54:837][  0]LogPakFile: OnPakFileMounted2Time == 0.000034
[2023.01.14-08.50.54:842][  0]LogPakFile: PakFile PrimaryIndexSize=192
[2023.01.14-08.50.54:842][  0]LogPakFile: PakFile PathHashIndexSize=101
[2023.01.14-08.50.54:842][  0]LogPakFile: PakFile FullDirectoryIndexSize=158
[2023.01.14-08.50.54:842][  0]LogShaderLibrary: Display: ShaderCodeLibraryPakFileMountedCallback: PakFile 'E:/Games/UE_4.27/FeaturePacks/TP_2DSideScrollerBP.upack' (chunk index -1, root 'root:/') mounted
[2023.01.14-08.50.54:842][  0]LogShaderLibrary: Display: ShaderCodeLibraryPakFileMountedCallback: pending pak file info (ChunkID:-1 Root:root:/ File:E:/Games/UE_4.27/FeaturePacks/TP_2DSideScrollerBP.upack)
[2023.01.14-08.50.54:842][  0]LogPakFile: OnPakFileMounted2Time == 0.000035
[2023.01.14-08.50.54:847][  0]LogPakFile: PakFile PrimaryIndexSize=182
[2023.01.14-08.50.54:847][  0]LogPakFile: PakFile PathHashIndexSize=101
[2023.01.14-08.50.54:847][  0]LogPakFile: PakFile FullDirectoryIndexSize=138
[2023.01.14-08.50.54:847][  0]LogShaderLibrary: Display: ShaderCodeLibraryPakFileMountedCallback: PakFile 'E:/Games/UE_4.27/FeaturePacks/TP_Flying.upack' (chunk index -1, root 'root:/') mounted
[2023.01.14-08.50.54:847][  0]LogShaderLibrary: Display: ShaderCodeLibraryPakFileMountedCallback: pending pak file info (ChunkID:-1 Root:root:/ File:E:/Games/UE_4.27/FeaturePacks/TP_Flying.upack)
[2023.01.14-08.50.54:847][  0]LogPakFile: OnPakFileMounted2Time == 0.000034
[2023.01.14-08.50.54:853][  0]LogPakFile: PakFile PrimaryIndexSize=184
[2023.01.14-08.50.54:853][  0]LogPakFile: PakFile PathHashIndexSize=101
[2023.01.14-08.50.54:853][  0]LogPakFile: PakFile FullDirectoryIndexSize=142
[2023.01.14-08.50.54:853][  0]LogShaderLibrary: Display: ShaderCodeLibraryPakFileMountedCallback: PakFile 'E:/Games/UE_4.27/FeaturePacks/TP_FlyingBP.upack' (chunk index -1, root 'root:/') mounted
[2023.01.14-08.50.54:854][  0]LogShaderLibrary: Display: ShaderCodeLibraryPakFileMountedCallback: pending pak file info (ChunkID:-1 Root:root:/ File:E:/Games/UE_4.27/FeaturePacks/TP_FlyingBP.upack)
[2023.01.14-08.50.54:854][  0]LogPakFile: OnPakFileMounted2Time == 0.000037
[2023.01.14-08.50.54:859][  0]LogPakFile: PakFile PrimaryIndexSize=188
[2023.01.14-08.50.54:859][  0]LogPakFile: PakFile PathHashIndexSize=101
[2023.01.14-08.50.54:859][  0]LogPakFile: PakFile FullDirectoryIndexSize=150
[2023.01.14-08.50.54:859][  0]LogShaderLibrary: Display: ShaderCodeLibraryPakFileMountedCallback: PakFile 'E:/Games/UE_4.27/FeaturePacks/TP_HandheldARBP.upack' (chunk index -1, root 'root:/') mounted
[2023.01.14-08.50.54:859][  0]LogShaderLibrary: Display: ShaderCodeLibraryPakFileMountedCallback: pending pak file info (ChunkID:-1 Root:root:/ File:E:/Games/UE_4.27/FeaturePacks/TP_HandheldARBP.upack)
[2023.01.14-08.50.54:859][  0]LogPakFile: OnPakFileMounted2Time == 0.000034
[2023.01.14-08.50.54:865][  0]LogPakFile: PakFile PrimaryIndexSize=182
[2023.01.14-08.50.54:865][  0]LogPakFile: PakFile PathHashIndexSize=101
[2023.01.14-08.50.54:865][  0]LogPakFile: PakFile FullDirectoryIndexSize=138
[2023.01.14-08.50.54:865][  0]LogShaderLibrary: Display: ShaderCodeLibraryPakFileMountedCallback: PakFile 'E:/Games/UE_4.27/FeaturePacks/TP_Puzzle.upack' (chunk index -1, root 'root:/') mounted
[2023.01.14-08.50.54:865][  0]LogShaderLibrary: Display: ShaderCodeLibraryPakFileMountedCallback: pending pak file info (ChunkID:-1 Root:root:/ File:E:/Games/UE_4.27/FeaturePacks/TP_Puzzle.upack)
[2023.01.14-08.50.54:865][  0]LogPakFile: OnPakFileMounted2Time == 0.000038
[2023.01.14-08.50.54:870][  0]LogPakFile: PakFile PrimaryIndexSize=184
[2023.01.14-08.50.54:870][  0]LogPakFile: PakFile PathHashIndexSize=101
[2023.01.14-08.50.54:870][  0]LogPakFile: PakFile FullDirectoryIndexSize=142
[2023.01.14-08.50.54:870][  0]LogShaderLibrary: Display: ShaderCodeLibraryPakFileMountedCallback: PakFile 'E:/Games/UE_4.27/FeaturePacks/TP_PuzzleBP.upack' (chunk index -1, root 'root:/') mounted
[2023.01.14-08.50.54:870][  0]LogShaderLibrary: Display: ShaderCodeLibraryPakFileMountedCallback: pending pak file info (ChunkID:-1 Root:root:/ File:E:/Games/UE_4.27/FeaturePacks/TP_PuzzleBP.upack)
[2023.01.14-08.50.54:870][  0]LogPakFile: OnPakFileMounted2Time == 0.000035
[2023.01.14-08.50.54:875][  0]LogPakFile: PakFile PrimaryIndexSize=183
[2023.01.14-08.50.54:875][  0]LogPakFile: PakFile PathHashIndexSize=101
[2023.01.14-08.50.54:875][  0]LogPakFile: PakFile FullDirectoryIndexSize=140
[2023.01.14-08.50.54:876][  0]LogShaderLibrary: Display: ShaderCodeLibraryPakFileMountedCallback: PakFile 'E:/Games/UE_4.27/FeaturePacks/TP_Rolling.upack' (chunk index -1, root 'root:/') mounted
[2023.01.14-08.50.54:876][  0]LogShaderLibrary: Display: ShaderCodeLibraryPakFileMountedCallback: pending pak file info (ChunkID:-1 Root:root:/ File:E:/Games/UE_4.27/FeaturePacks/TP_Rolling.upack)
[2023.01.14-08.50.54:876][  0]LogPakFile: OnPakFileMounted2Time == 0.000035
[2023.01.14-08.50.54:881][  0]LogPakFile: PakFile PrimaryIndexSize=185
[2023.01.14-08.50.54:881][  0]LogPakFile: PakFile PathHashIndexSize=101
[2023.01.14-08.50.54:881][  0]LogPakFile: PakFile FullDirectoryIndexSize=144
[2023.01.14-08.50.54:881][  0]LogShaderLibrary: Display: ShaderCodeLibraryPakFileMountedCallback: PakFile 'E:/Games/UE_4.27/FeaturePacks/TP_RollingBP.upack' (chunk index -1, root 'root:/') mounted
[2023.01.14-08.50.54:881][  0]LogShaderLibrary: Display: ShaderCodeLibraryPakFileMountedCallback: pending pak file info (ChunkID:-1 Root:root:/ File:E:/Games/UE_4.27/FeaturePacks/TP_RollingBP.upack)
[2023.01.14-08.50.54:881][  0]LogPakFile: OnPakFileMounted2Time == 0.000039
[2023.01.14-08.50.54:886][  0]LogPakFile: PakFile PrimaryIndexSize=188
[2023.01.14-08.50.54:886][  0]LogPakFile: PakFile PathHashIndexSize=101
[2023.01.14-08.50.54:886][  0]LogPakFile: PakFile FullDirectoryIndexSize=150
[2023.01.14-08.50.54:886][  0]LogShaderLibrary: Display: ShaderCodeLibraryPakFileMountedCallback: PakFile 'E:/Games/UE_4.27/FeaturePacks/TP_SideScroller.upack' (chunk index -1, root 'root:/') mounted
[2023.01.14-08.50.54:887][  0]LogShaderLibrary: Display: ShaderCodeLibraryPakFileMountedCallback: pending pak file info (ChunkID:-1 Root:root:/ File:E:/Games/UE_4.27/FeaturePacks/TP_SideScroller.upack)
[2023.01.14-08.50.54:887][  0]LogPakFile: OnPakFileMounted2Time == 0.000040
[2023.01.14-08.50.54:891][  0]LogPakFile: PakFile PrimaryIndexSize=190
[2023.01.14-08.50.54:891][  0]LogPakFile: PakFile PathHashIndexSize=101
[2023.01.14-08.50.54:891][  0]LogPakFile: PakFile FullDirectoryIndexSize=154
[2023.01.14-08.50.54:891][  0]LogShaderLibrary: Display: ShaderCodeLibraryPakFileMountedCallback: PakFile 'E:/Games/UE_4.27/FeaturePacks/TP_SideScrollerBP.upack' (chunk index -1, root 'root:/') mounted
[2023.01.14-08.50.54:891][  0]LogShaderLibrary: Display: ShaderCodeLibraryPakFileMountedCallback: pending pak file info (ChunkID:-1 Root:root:/ File:E:/Games/UE_4.27/FeaturePacks/TP_SideScrollerBP.upack)
[2023.01.14-08.50.54:891][  0]LogPakFile: OnPakFileMounted2Time == 0.000036
[2023.01.14-08.50.54:897][  0]LogPakFile: PakFile PrimaryIndexSize=187
[2023.01.14-08.50.54:897][  0]LogPakFile: PakFile PathHashIndexSize=101
[2023.01.14-08.50.54:897][  0]LogPakFile: PakFile FullDirectoryIndexSize=148
[2023.01.14-08.50.54:897][  0]LogShaderLibrary: Display: ShaderCodeLibraryPakFileMountedCallback: PakFile 'E:/Games/UE_4.27/FeaturePacks/TP_ThirdPerson.upack' (chunk index -1, root 'root:/') mounted
[2023.01.14-08.50.54:897][  0]LogShaderLibrary: Display: ShaderCodeLibraryPakFileMountedCallback: pending pak file info (ChunkID:-1 Root:root:/ File:E:/Games/UE_4.27/FeaturePacks/TP_ThirdPerson.upack)
[2023.01.14-08.50.54:897][  0]LogPakFile: OnPakFileMounted2Time == 0.000033
[2023.01.14-08.50.54:903][  0]LogPakFile: PakFile PrimaryIndexSize=189
[2023.01.14-08.50.54:903][  0]LogPakFile: PakFile PathHashIndexSize=101
[2023.01.14-08.50.54:903][  0]LogPakFile: PakFile FullDirectoryIndexSize=152
[2023.01.14-08.50.54:903][  0]LogShaderLibrary: Display: ShaderCodeLibraryPakFileMountedCallback: PakFile 'E:/Games/UE_4.27/FeaturePacks/TP_ThirdPersonBP.upack' (chunk index -1, root 'root:/') mounted
[2023.01.14-08.50.54:903][  0]LogShaderLibrary: Display: ShaderCodeLibraryPakFileMountedCallback: pending pak file info (ChunkID:-1 Root:root:/ File:E:/Games/UE_4.27/FeaturePacks/TP_ThirdPersonBP.upack)
[2023.01.14-08.50.54:903][  0]LogPakFile: OnPakFileMounted2Time == 0.000038
[2023.01.14-08.50.54:908][  0]LogPakFile: PakFile PrimaryIndexSize=183
[2023.01.14-08.50.54:908][  0]LogPakFile: PakFile PathHashIndexSize=101
[2023.01.14-08.50.54:908][  0]LogPakFile: PakFile FullDirectoryIndexSize=140
[2023.01.14-08.50.54:908][  0]LogShaderLibrary: Display: ShaderCodeLibraryPakFileMountedCallback: PakFile 'E:/Games/UE_4.27/FeaturePacks/TP_TopDown.upack' (chunk index -1, root 'root:/') mounted
[2023.01.14-08.50.54:908][  0]LogShaderLibrary: Display: ShaderCodeLibraryPakFileMountedCallback: pending pak file info (ChunkID:-1 Root:root:/ File:E:/Games/UE_4.27/FeaturePacks/TP_TopDown.upack)
[2023.01.14-08.50.54:908][  0]LogPakFile: OnPakFileMounted2Time == 0.000044
[2023.01.14-08.50.54:913][  0]LogPakFile: PakFile PrimaryIndexSize=185
[2023.01.14-08.50.54:913][  0]LogPakFile: PakFile PathHashIndexSize=101
[2023.01.14-08.50.54:913][  0]LogPakFile: PakFile FullDirectoryIndexSize=144
[2023.01.14-08.50.54:913][  0]LogShaderLibrary: Display: ShaderCodeLibraryPakFileMountedCallback: PakFile 'E:/Games/UE_4.27/FeaturePacks/TP_TopDownBP.upack' (chunk index -1, root 'root:/') mounted
[2023.01.14-08.50.54:913][  0]LogShaderLibrary: Display: ShaderCodeLibraryPakFileMountedCallback: pending pak file info (ChunkID:-1 Root:root:/ File:E:/Games/UE_4.27/FeaturePacks/TP_TopDownBP.upack)
[2023.01.14-08.50.54:913][  0]LogPakFile: OnPakFileMounted2Time == 0.000044
[2023.01.14-08.50.54:921][  0]LogPakFile: PakFile PrimaryIndexSize=185
[2023.01.14-08.50.54:921][  0]LogPakFile: PakFile PathHashIndexSize=101
[2023.01.14-08.50.54:921][  0]LogPakFile: PakFile FullDirectoryIndexSize=144
[2023.01.14-08.50.54:921][  0]LogShaderLibrary: Display: ShaderCodeLibraryPakFileMountedCallback: PakFile 'E:/Games/UE_4.27/FeaturePacks/TP_TwinStick.upack' (chunk index -1, root 'root:/') mounted
[2023.01.14-08.50.54:921][  0]LogShaderLibrary: Display: ShaderCodeLibraryPakFileMountedCallback: pending pak file info (ChunkID:-1 Root:root:/ File:E:/Games/UE_4.27/FeaturePacks/TP_TwinStick.upack)
[2023.01.14-08.50.54:921][  0]LogPakFile: OnPakFileMounted2Time == 0.000040
[2023.01.14-08.50.54:927][  0]LogPakFile: PakFile PrimaryIndexSize=187
[2023.01.14-08.50.54:927][  0]LogPakFile: PakFile PathHashIndexSize=101
[2023.01.14-08.50.54:927][  0]LogPakFile: PakFile FullDirectoryIndexSize=148
[2023.01.14-08.50.54:927][  0]LogShaderLibrary: Display: ShaderCodeLibraryPakFileMountedCallback: PakFile 'E:/Games/UE_4.27/FeaturePacks/TP_TwinStickBP.upack' (chunk index -1, root 'root:/') mounted
[2023.01.14-08.50.54:927][  0]LogShaderLibrary: Display: ShaderCodeLibraryPakFileMountedCallback: pending pak file info (ChunkID:-1 Root:root:/ File:E:/Games/UE_4.27/FeaturePacks/TP_TwinStickBP.upack)
[2023.01.14-08.50.54:927][  0]LogPakFile: OnPakFileMounted2Time == 0.000033
[2023.01.14-08.50.54:933][  0]LogPakFile: PakFile PrimaryIndexSize=183
[2023.01.14-08.50.54:933][  0]LogPakFile: PakFile PathHashIndexSize=101
[2023.01.14-08.50.54:933][  0]LogPakFile: PakFile FullDirectoryIndexSize=140
[2023.01.14-08.50.54:933][  0]LogShaderLibrary: Display: ShaderCodeLibraryPakFileMountedCallback: PakFile 'E:/Games/UE_4.27/FeaturePacks/TP_Vehicle.upack' (chunk index -1, root 'root:/') mounted
[2023.01.14-08.50.54:933][  0]LogShaderLibrary: Display: ShaderCodeLibraryPakFileMountedCallback: pending pak file info (ChunkID:-1 Root:root:/ File:E:/Games/UE_4.27/FeaturePacks/TP_Vehicle.upack)
[2023.01.14-08.50.54:933][  0]LogPakFile: OnPakFileMounted2Time == 0.000038
[2023.01.14-08.50.54:938][  0]LogPakFile: PakFile PrimaryIndexSize=186
[2023.01.14-08.50.54:939][  0]LogPakFile: PakFile PathHashIndexSize=101
[2023.01.14-08.50.54:939][  0]LogPakFile: PakFile FullDirectoryIndexSize=146
[2023.01.14-08.50.54:939][  0]LogShaderLibrary: Display: ShaderCodeLibraryPakFileMountedCallback: PakFile 'E:/Games/UE_4.27/FeaturePacks/TP_VehicleAdv.upack' (chunk index -1, root 'root:/') mounted
[2023.01.14-08.50.54:939][  0]LogShaderLibrary: Display: ShaderCodeLibraryPakFileMountedCallback: pending pak file info (ChunkID:-1 Root:root:/ File:E:/Games/UE_4.27/FeaturePacks/TP_VehicleAdv.upack)
[2023.01.14-08.50.54:939][  0]LogPakFile: OnPakFileMounted2Time == 0.000037
[2023.01.14-08.50.54:944][  0]LogPakFile: PakFile PrimaryIndexSize=188
[2023.01.14-08.50.54:944][  0]LogPakFile: PakFile PathHashIndexSize=101
[2023.01.14-08.50.54:944][  0]LogPakFile: PakFile FullDirectoryIndexSize=150
[2023.01.14-08.50.54:944][  0]LogShaderLibrary: Display: ShaderCodeLibraryPakFileMountedCallback: PakFile 'E:/Games/UE_4.27/FeaturePacks/TP_VehicleAdvBP.upack' (chunk index -1, root 'root:/') mounted
[2023.01.14-08.50.54:944][  0]LogShaderLibrary: Display: ShaderCodeLibraryPakFileMountedCallback: pending pak file info (ChunkID:-1 Root:root:/ File:E:/Games/UE_4.27/FeaturePacks/TP_VehicleAdvBP.upack)
[2023.01.14-08.50.54:944][  0]LogPakFile: OnPakFileMounted2Time == 0.000044
[2023.01.14-08.50.54:950][  0]LogPakFile: PakFile PrimaryIndexSize=185
[2023.01.14-08.50.54:950][  0]LogPakFile: PakFile PathHashIndexSize=101
[2023.01.14-08.50.54:950][  0]LogPakFile: PakFile FullDirectoryIndexSize=144
[2023.01.14-08.50.54:950][  0]LogShaderLibrary: Display: ShaderCodeLibraryPakFileMountedCallback: PakFile 'E:/Games/UE_4.27/FeaturePacks/TP_VehicleBP.upack' (chunk index -1, root 'root:/') mounted
[2023.01.14-08.50.54:950][  0]LogShaderLibrary: Display: ShaderCodeLibraryPakFileMountedCallback: pending pak file info (ChunkID:-1 Root:root:/ File:E:/Games/UE_4.27/FeaturePacks/TP_VehicleBP.upack)
[2023.01.14-08.50.54:950][  0]LogPakFile: OnPakFileMounted2Time == 0.000036
[2023.01.14-08.50.54:956][  0]LogPakFile: PakFile PrimaryIndexSize=192
[2023.01.14-08.50.54:956][  0]LogPakFile: PakFile PathHashIndexSize=101
[2023.01.14-08.50.54:956][  0]LogPakFile: PakFile FullDirectoryIndexSize=158
[2023.01.14-08.50.54:956][  0]LogShaderLibrary: Display: ShaderCodeLibraryPakFileMountedCallback: PakFile 'E:/Games/UE_4.27/FeaturePacks/TP_VirtualRealityBP.upack' (chunk index -1, root 'root:/') mounted
[2023.01.14-08.50.54:956][  0]LogShaderLibrary: Display: ShaderCodeLibraryPakFileMountedCallback: pending pak file info (ChunkID:-1 Root:root:/ File:E:/Games/UE_4.27/FeaturePacks/TP_VirtualRealityBP.upack)
[2023.01.14-08.50.54:956][  0]LogPakFile: OnPakFileMounted2Time == 0.000033
[2023.01.14-08.50.55:277][  0]LogNativeClassHierarchy: Verbose: Native class hierarchy updated for 'AddContentDialog' in 0.0003 seconds. Added 0 classes and 0 folders.
[2023.01.14-08.50.55:281][  0]LogNativeClassHierarchy: Verbose: Native class hierarchy updated for 'SceneOutliner' in 0.0003 seconds. Added 2 classes and 0 folders.
[2023.01.14-08.50.55:506][  0]LogSlate: Took 0.000173 seconds to synchronously load lazily loaded font '../../../Engine/Content/Slate/Fonts/Roboto-Regular.ttf' (155K)
[2023.01.14-08.50.55:512][  0]LogSlate: Took 0.005830 seconds to synchronously load lazily loaded font '../../../Engine/Content/Editor/Slate/Fonts/FontAwesome.ttf' (139K)
[2023.01.14-08.50.55:519][  0]LogSlate: Took 0.000218 seconds to synchronously load lazily loaded font '../../../Engine/Content/Slate/Fonts/Roboto-Bold.ttf' (160K)
[2023.01.14-08.50.55:627][  0]LogRenderer: Reallocating scene render targets to support 880x472 Format 10 NumSamples 1 (Frame:1).
[2023.01.14-08.50.55:835][  0]LogNativeClassHierarchy: Verbose: Native class hierarchy updated for 'HierarchicalLODOutliner' in 0.0002 seconds. Added 0 classes and 0 folders.
[2023.01.14-08.50.55:836][  0]LogInput: Warning: Action SetDestination uses invalid key OculusGo_Left_Trigger_Click.
[2023.01.14-08.50.55:836][  0]LogInput: Warning: Action ResetVR uses invalid key OculusGo_Left_Back_Click.
[2023.01.14-08.50.55:836][  0]LogInput: Warning: Use -RemoveInvalidKeys to remove instances of these keys from the action mapping.
[2023.01.14-08.50.55:836][  0]LogLoad: (Engine Initialization) Total time: 9.09 seconds
[2023.01.14-08.50.55:836][  0]LogLoad: (Engine Initialization) Total Blueprint compile time: 0.00 seconds
[2023.01.14-08.50.55:873][  0]LogAssetRegistry: Asset discovery search completed in 6.2203 seconds
[2023.01.14-08.50.55:878][  0]LogCollectionManager: Fixed up redirectors for 0 collections in 0.000003 seconds (updated 0 objects)
[2023.01.14-08.50.55:881][  0]LogContentStreaming: Texture pool size now 1000 MB
[2023.01.14-08.50.56:001][  4]LogSlate: Took 0.006355 seconds to synchronously load lazily loaded font '../../../Engine/Content/Slate/Fonts/Roboto-Light.ttf' (167K)
[2023.01.14-08.50.56:853][104]LogSlate: Took 0.000222 seconds to synchronously load lazily loaded font '../../../Engine/Content/Slate/Fonts/Roboto-Light.ttf' (167K)
